Copyright 1986-2022 Xilinx, Inc. All Rights Reserved. Copyright 2022-2024 Advanced Micro Devices, Inc. All Rights Reserved.
-----------------------------------------------------------------------------------------------------------------------------------------------------------------------------------------------------------------------------
| Tool Version : Vivado v.2024.2 (lin64) Build 5239630 Fri Nov 08 22:34:34 MST 2024
| Date         : Sun Mar 29 08:52:38 2026
| Host         : dragonlord-Legion-5-15ARH7H running 64-bit Ubuntu 24.04.4 LTS
| Command      : report_methodology -file EEG_Signal_Processing_wrapper_methodology_drc_routed.rpt -pb EEG_Signal_Processing_wrapper_methodology_drc_routed.pb -rpx EEG_Signal_Processing_wrapper_methodology_drc_routed.rpx
| Design       : EEG_Signal_Processing_wrapper
| Device       : xck24-ubva530-2LV-c
| Speed File   : -2LV
| Design State : Fully Routed
-----------------------------------------------------------------------------------------------------------------------------------------------------------------------------------------------------------------------------

Report Methodology

Table of Contents
-----------------
1. REPORT SUMMARY
2. REPORT DETAILS

1. REPORT SUMMARY
-----------------
            Netlist: netlist
          Floorplan: design_1
      Design limits: <entire design considered>
             Max checks: <unlimited>
             Checks found: 4
+-----------+----------+-------------------------------+--------+
| Rule      | Severity | Description                   | Checks |
+-----------+----------+-------------------------------+--------+
| TIMING-18 | Warning  | Missing input or output delay | 4      |
+-----------+----------+-------------------------------+--------+

2. REPORT DETAILS
-----------------
TIMING-18#1 Warning
Missing input or output delay  
An input delay is missing on som240_1_connector_pmod_iic_scl_io relative to the rising and/or falling clock edge(s) of clk_pl_0.
Related violations: <none>

TIMING-18#2 Warning
Missing input or output delay  
An input delay is missing on som240_1_connector_pmod_iic_sda_io relative to the rising and/or falling clock edge(s) of clk_pl_0.
Related violations: <none>

TIMING-18#3 Warning
Missing input or output delay  
An output delay is missing on som240_1_connector_pmod_iic_scl_io relative to the rising and/or falling clock edge(s) of clk_pl_0.
Related violations: <none>

TIMING-18#4 Warning
Missing input or output delay  
An output delay is missing on som240_1_connector_pmod_iic_sda_io relative to the rising and/or falling clock edge(s) of clk_pl_0.
Related violations: <none>


