
*** Running vivado
    with args -log EEG_Signal_Processing_wrapper.vdi -applog -m64 -product Vivado -messageDb vivado.pb -mode batch -source EEG_Signal_Processing_wrapper.tcl -notrace


****** Vivado v2024.2 (64-bit)
  **** SW Build 5239630 on Fri Nov 08 22:34:34 MST 2024
  **** IP Build 5239520 on Sun Nov 10 16:12:51 MST 2024
  **** SharedData Build 5239561 on Fri Nov 08 14:39:27 MST 2024
  **** Start of session at: Sun Mar 29 08:51:33 2026
    ** Copyright 1986-2022 Xilinx, Inc. All Rights Reserved.
    ** Copyright 2022-2024 Advanced Micro Devices, Inc. All Rights Reserved.

source EEG_Signal_Processing_wrapper.tcl -notrace
INFO: [IP_Flow 19-234] Refreshing IP repositories
INFO: [IP_Flow 19-1700] Loaded user IP repository '/home/dragonlord/Desktop/EEG_Signal_Processing'.
WARNING: [IP_Flow 19-3656] If you move the project, the path for repository '/home/dragonlord/Desktop/EEG_Signal_Processing' may become invalid. A better location for the repository would be in a path adjacent to the project. (Current project location is '/home/dragonlord/Desktop/EEG_Signal_Processing/EEG_Signal_Processing.runs/impl_1'.)
INFO: [IP_Flow 19-1700] Loaded user IP repository '/home/dragonlord/vivado-library'.
INFO: [IP_Flow 19-2313] Loaded Vivado IP repository '/home/dragonlord/xilinx/Vivado/2024.2/data/ip'.
Command: link_design -top EEG_Signal_Processing_wrapper -part xck24-ubva530-2LV-c
Design is defaulting to srcset: sources_1
Design is defaulting to constrset: constrs_1
INFO: [Device 21-403] Loading part xck24-ubva530-2LV-c
INFO: [Project 1-454] Reading design checkpoint '/home/dragonlord/Desktop/EEG_Signal_Processing/EEG_Signal_Processing.gen/sources_1/bd/EEG_Signal_Processing/ip/EEG_Signal_Processing_axi_iic_0_0/EEG_Signal_Processing_axi_iic_0_0.dcp' for cell 'EEG_Signal_Processing_i/axi_iic_0'
INFO: [Project 1-454] Reading design checkpoint '/home/dragonlord/Desktop/EEG_Signal_Processing/EEG_Signal_Processing.gen/sources_1/bd/EEG_Signal_Processing/ip/EEG_Signal_Processing_proc_sys_reset_0_0/EEG_Signal_Processing_proc_sys_reset_0_0.dcp' for cell 'EEG_Signal_Processing_i/proc_sys_reset_0'
INFO: [Project 1-454] Reading design checkpoint '/home/dragonlord/Desktop/EEG_Signal_Processing/EEG_Signal_Processing.gen/sources_1/bd/EEG_Signal_Processing/ip/EEG_Signal_Processing_smartconnect_0_0/EEG_Signal_Processing_smartconnect_0_0.dcp' for cell 'EEG_Signal_Processing_i/smartconnect_0'
INFO: [Project 1-454] Reading design checkpoint '/home/dragonlord/Desktop/EEG_Signal_Processing/EEG_Signal_Processing.gen/sources_1/bd/EEG_Signal_Processing/ip/EEG_Signal_Processing_zynq_ultra_ps_e_0_0/EEG_Signal_Processing_zynq_ultra_ps_e_0_0.dcp' for cell 'EEG_Signal_Processing_i/zynq_ultra_ps_e_0'
Netlist sorting complete. Time (s): cpu = 00:00:00.12 ; elapsed = 00:00:00.12 . Memory (MB): peak = 2272.020 ; gain = 0.000 ; free physical = 1242 ; free virtual = 7759
INFO: [Netlist 29-17] Analyzing 98 Unisim elements for replacement
INFO: [Netlist 29-28] Unisim Transformation completed in 0 CPU seconds
INFO: [Project 1-479] Netlist was created with Vivado 2024.2
INFO: [Project 1-570] Preparing netlist for logic optimization
Parsing XDC File [/home/dragonlord/Desktop/EEG_Signal_Processing/EEG_Signal_Processing.gen/sources_1/bd/EEG_Signal_Processing/ip/EEG_Signal_Processing_zynq_ultra_ps_e_0_0/EEG_Signal_Processing_zynq_ultra_ps_e_0_0.xdc] for cell 'EEG_Signal_Processing_i/zynq_ultra_ps_e_0/inst'
Finished Parsing XDC File [/home/dragonlord/Desktop/EEG_Signal_Processing/EEG_Signal_Processing.gen/sources_1/bd/EEG_Signal_Processing/ip/EEG_Signal_Processing_zynq_ultra_ps_e_0_0/EEG_Signal_Processing_zynq_ultra_ps_e_0_0.xdc] for cell 'EEG_Signal_Processing_i/zynq_ultra_ps_e_0/inst'
Parsing XDC File [/home/dragonlord/Desktop/EEG_Signal_Processing/EEG_Signal_Processing.gen/sources_1/bd/EEG_Signal_Processing/ip/EEG_Signal_Processing_proc_sys_reset_0_0/EEG_Signal_Processing_proc_sys_reset_0_0_board.xdc] for cell 'EEG_Signal_Processing_i/proc_sys_reset_0/U0'
Finished Parsing XDC File [/home/dragonlord/Desktop/EEG_Signal_Processing/EEG_Signal_Processing.gen/sources_1/bd/EEG_Signal_Processing/ip/EEG_Signal_Processing_proc_sys_reset_0_0/EEG_Signal_Processing_proc_sys_reset_0_0_board.xdc] for cell 'EEG_Signal_Processing_i/proc_sys_reset_0/U0'
Parsing XDC File [/home/dragonlord/Desktop/EEG_Signal_Processing/EEG_Signal_Processing.gen/sources_1/bd/EEG_Signal_Processing/ip/EEG_Signal_Processing_proc_sys_reset_0_0/EEG_Signal_Processing_proc_sys_reset_0_0.xdc] for cell 'EEG_Signal_Processing_i/proc_sys_reset_0/U0'
Finished Parsing XDC File [/home/dragonlord/Desktop/EEG_Signal_Processing/EEG_Signal_Processing.gen/sources_1/bd/EEG_Signal_Processing/ip/EEG_Signal_Processing_proc_sys_reset_0_0/EEG_Signal_Processing_proc_sys_reset_0_0.xdc] for cell 'EEG_Signal_Processing_i/proc_sys_reset_0/U0'
Parsing XDC File [/home/dragonlord/Desktop/EEG_Signal_Processing/EEG_Signal_Processing.gen/sources_1/bd/EEG_Signal_Processing/ip/EEG_Signal_Processing_smartconnect_0_0/bd_0/ip/ip_1/bd_f22c_psr_aclk_0_board.xdc] for cell 'EEG_Signal_Processing_i/smartconnect_0/inst/clk_map/psr_aclk/U0'
Finished Parsing XDC File [/home/dragonlord/Desktop/EEG_Signal_Processing/EEG_Signal_Processing.gen/sources_1/bd/EEG_Signal_Processing/ip/EEG_Signal_Processing_smartconnect_0_0/bd_0/ip/ip_1/bd_f22c_psr_aclk_0_board.xdc] for cell 'EEG_Signal_Processing_i/smartconnect_0/inst/clk_map/psr_aclk/U0'
Parsing XDC File [/home/dragonlord/Desktop/EEG_Signal_Processing/EEG_Signal_Processing.gen/sources_1/bd/EEG_Signal_Processing/ip/EEG_Signal_Processing_smartconnect_0_0/bd_0/ip/ip_1/bd_f22c_psr_aclk_0.xdc] for cell 'EEG_Signal_Processing_i/smartconnect_0/inst/clk_map/psr_aclk/U0'
Finished Parsing XDC File [/home/dragonlord/Desktop/EEG_Signal_Processing/EEG_Signal_Processing.gen/sources_1/bd/EEG_Signal_Processing/ip/EEG_Signal_Processing_smartconnect_0_0/bd_0/ip/ip_1/bd_f22c_psr_aclk_0.xdc] for cell 'EEG_Signal_Processing_i/smartconnect_0/inst/clk_map/psr_aclk/U0'
Parsing XDC File [/home/dragonlord/Desktop/EEG_Signal_Processing/EEG_Signal_Processing.gen/sources_1/bd/EEG_Signal_Processing/ip/EEG_Signal_Processing_smartconnect_0_0/smartconnect.xdc] for cell 'EEG_Signal_Processing_i/smartconnect_0/inst'
Finished Parsing XDC File [/home/dragonlord/Desktop/EEG_Signal_Processing/EEG_Signal_Processing.gen/sources_1/bd/EEG_Signal_Processing/ip/EEG_Signal_Processing_smartconnect_0_0/smartconnect.xdc] for cell 'EEG_Signal_Processing_i/smartconnect_0/inst'
Parsing XDC File [/home/dragonlord/Desktop/EEG_Signal_Processing/EEG_Signal_Processing.gen/sources_1/bd/EEG_Signal_Processing/ip/EEG_Signal_Processing_axi_iic_0_0/EEG_Signal_Processing_axi_iic_0_0_board.xdc] for cell 'EEG_Signal_Processing_i/axi_iic_0/U0'
Finished Parsing XDC File [/home/dragonlord/Desktop/EEG_Signal_Processing/EEG_Signal_Processing.gen/sources_1/bd/EEG_Signal_Processing/ip/EEG_Signal_Processing_axi_iic_0_0/EEG_Signal_Processing_axi_iic_0_0_board.xdc] for cell 'EEG_Signal_Processing_i/axi_iic_0/U0'
Parsing XDC File [/home/dragonlord/Desktop/EEG_Signal_Processing/EEG_Signal_Processing.srcs/constrs_1/new/adc_port.xdc]
Finished Parsing XDC File [/home/dragonlord/Desktop/EEG_Signal_Processing/EEG_Signal_Processing.srcs/constrs_1/new/adc_port.xdc]
INFO: [Project 1-1714] 51 XPM XDC files have been applied to the design.
INFO: [Opt 31-138] Pushed 0 inverter(s) to 0 load pin(s).
Netlist sorting complete. Time (s): cpu = 00:00:00 ; elapsed = 00:00:00 . Memory (MB): peak = 3086.020 ; gain = 0.000 ; free physical = 648 ; free virtual = 7176
INFO: [Project 1-111] Unisim Transformation Summary:
  A total of 74 instances were transformed.
  IOBUF => IOBUF (IBUFCTRL, INBUF, OBUFT): 2 instances
  RAM16X1D => RAM32X1D (RAMD32(x2)): 1 instance 
  RAM32M16 => RAM32M16 (RAMD32(x14), RAMS32(x2)): 71 instances

16 Infos, 1 Warnings, 0 Critical Warnings and 0 Errors encountered.
link_design completed successfully
link_design: Time (s): cpu = 00:00:14 ; elapsed = 00:00:14 . Memory (MB): peak = 3086.020 ; gain = 1610.438 ; free physical = 648 ; free virtual = 7176
Command: opt_design
Attempting to get a license for feature 'Implementation' and/or device 'xck24'
INFO: [Common 17-349] Got license for feature 'Implementation' and/or device 'xck24'
Running DRC as a precondition to command opt_design

Starting DRC Task
INFO: [DRC 23-27] Running DRC with 8 threads
INFO: [Project 1-461] DRC finished with 0 Errors
INFO: [Project 1-462] Please refer to the DRC report (report_drc) for more information.

Time (s): cpu = 00:00:01 ; elapsed = 00:00:00.39 . Memory (MB): peak = 3177.004 ; gain = 90.984 ; free physical = 561 ; free virtual = 7089

Starting Cache Timing Information Task
INFO: [Timing 38-35] Done setting XDC timing constraints.
Ending Cache Timing Information Task | Checksum: 2e89a3932

Time (s): cpu = 00:00:00.43 ; elapsed = 00:00:00.21 . Memory (MB): peak = 3177.004 ; gain = 0.000 ; free physical = 560 ; free virtual = 7088

Starting Logic Optimization Task

Phase 1 Initialization

Phase 1.1 Core Generation And Design Setup
Phase 1.1 Core Generation And Design Setup | Checksum: 2e89a3932

Time (s): cpu = 00:00:00.01 ; elapsed = 00:00:00.01 . Memory (MB): peak = 3401.902 ; gain = 0.000 ; free physical = 295 ; free virtual = 6823

Phase 1.2 Setup Constraints And Sort Netlist
Phase 1.2 Setup Constraints And Sort Netlist | Checksum: 2e89a3932

Time (s): cpu = 00:00:00.02 ; elapsed = 00:00:00.02 . Memory (MB): peak = 3401.902 ; gain = 0.000 ; free physical = 295 ; free virtual = 6823
Phase 1 Initialization | Checksum: 2e89a3932

Time (s): cpu = 00:00:00.02 ; elapsed = 00:00:00.02 . Memory (MB): peak = 3401.902 ; gain = 0.000 ; free physical = 295 ; free virtual = 6823

Phase 2 Timer Update And Timing Data Collection

Phase 2.1 Timer Update
Phase 2.1 Timer Update | Checksum: 2e89a3932

Time (s): cpu = 00:00:00.28 ; elapsed = 00:00:00.09 . Memory (MB): peak = 3401.902 ; gain = 0.000 ; free physical = 295 ; free virtual = 6823

Phase 2.2 Timing Data Collection
Phase 2.2 Timing Data Collection | Checksum: 2e89a3932

Time (s): cpu = 00:00:00.3 ; elapsed = 00:00:00.11 . Memory (MB): peak = 3401.902 ; gain = 0.000 ; free physical = 295 ; free virtual = 6823
Phase 2 Timer Update And Timing Data Collection | Checksum: 2e89a3932

Time (s): cpu = 00:00:00.3 ; elapsed = 00:00:00.11 . Memory (MB): peak = 3401.902 ; gain = 0.000 ; free physical = 295 ; free virtual = 6823

Phase 3 Retarget
INFO: [Opt 31-1851] Number of loadless carry chains removed were: 0
INFO: [Opt 31-1834] Total Chains To Be Transformed Were: 0 AND Number of Transformed insts Created are: 0
INFO: [Opt 31-1566] Pulled 3 inverters resulting in an inversion of 25 pins
INFO: [Opt 31-138] Pushed 49 inverter(s) to 288 load pin(s).
INFO: [Opt 31-49] Retargeted 0 cell(s).
Phase 3 Retarget | Checksum: 21b90bb47

Time (s): cpu = 00:00:00.48 ; elapsed = 00:00:00.25 . Memory (MB): peak = 3401.902 ; gain = 0.000 ; free physical = 295 ; free virtual = 6823
Retarget | Checksum: 21b90bb47
INFO: [Opt 31-389] Phase Retarget created 25 cells and removed 347 cells
INFO: [Opt 31-1021] In phase Retarget, 40 netlist objects are constrained preventing optimization. Please run opt_design with -debug_log to get more detail. 

Phase 4 Constant propagation
INFO: [Opt 31-138] Pushed 0 inverter(s) to 0 load pin(s).
Phase 4 Constant propagation | Checksum: 13a0c5783

Time (s): cpu = 00:00:00.53 ; elapsed = 00:00:00.31 . Memory (MB): peak = 3401.902 ; gain = 0.000 ; free physical = 295 ; free virtual = 6823
Constant propagation | Checksum: 13a0c5783
INFO: [Opt 31-389] Phase Constant propagation created 2 cells and removed 200 cells
INFO: [Opt 31-1021] In phase Constant propagation, 40 netlist objects are constrained preventing optimization. Please run opt_design with -debug_log to get more detail. 

Phase 5 Sweep
INFO: [Constraints 18-11670] Building netlist checker database with flags, 0x8
Done building netlist checker database: Time (s): cpu = 00:00:00 ; elapsed = 00:00:00.01 . Memory (MB): peak = 3401.902 ; gain = 0.000 ; free physical = 295 ; free virtual = 6823
INFO: [Constraints 18-11670] Building netlist checker database with flags, 0x8
Done building netlist checker database: Time (s): cpu = 00:00:00 ; elapsed = 00:00:00 . Memory (MB): peak = 3401.902 ; gain = 0.000 ; free physical = 295 ; free virtual = 6823
Phase 5 Sweep | Checksum: 21033b5fb

Time (s): cpu = 00:00:01 ; elapsed = 00:00:00.79 . Memory (MB): peak = 3401.902 ; gain = 0.000 ; free physical = 295 ; free virtual = 6823
Sweep | Checksum: 21033b5fb
INFO: [Opt 31-389] Phase Sweep created 0 cells and removed 1211 cells
INFO: [Opt 31-1021] In phase Sweep, 51 netlist objects are constrained preventing optimization. Please run opt_design with -debug_log to get more detail. 

Phase 6 BUFG optimization
INFO: [Opt 31-1077] Phase BUFG optimization inserted 0 global clock buffer(s) for CLOCK_LOW_FANOUT.
Phase 6 BUFG optimization | Checksum: 21033b5fb

Time (s): cpu = 00:00:01 ; elapsed = 00:00:00.84 . Memory (MB): peak = 3433.918 ; gain = 32.016 ; free physical = 295 ; free virtual = 6823
BUFG optimization | Checksum: 21033b5fb
INFO: [Opt 31-662] Phase BUFG optimization created 0 cells of which 0 are BUFGs and removed 0 cells.

Phase 7 Shift Register Optimization
INFO: [Opt 31-1064] SRL Remap converted 0 SRLs to 0 registers and converted 0 registers of register chains to 0 SRLs
Phase 7 Shift Register Optimization | Checksum: 21033b5fb

Time (s): cpu = 00:00:01 ; elapsed = 00:00:00.85 . Memory (MB): peak = 3433.918 ; gain = 32.016 ; free physical = 295 ; free virtual = 6823
Shift Register Optimization | Checksum: 21033b5fb
INFO: [Opt 31-389] Phase Shift Register Optimization created 0 cells and removed 0 cells

Phase 8 Post Processing Netlist
Phase 8 Post Processing Netlist | Checksum: 1dcad071d

Time (s): cpu = 00:00:01 ; elapsed = 00:00:00.88 . Memory (MB): peak = 3433.918 ; gain = 32.016 ; free physical = 295 ; free virtual = 6823
Post Processing Netlist | Checksum: 1dcad071d
INFO: [Opt 31-389] Phase Post Processing Netlist created 0 cells and removed 0 cells
INFO: [Opt 31-1021] In phase Post Processing Netlist, 40 netlist objects are constrained preventing optimization. Please run opt_design with -debug_log to get more detail. 

Phase 9 Finalization

Phase 9.1 Finalizing Design Cores and Updating Shapes
Phase 9.1 Finalizing Design Cores and Updating Shapes | Checksum: 1ba0b5f5c

Time (s): cpu = 00:00:01 ; elapsed = 00:00:00.96 . Memory (MB): peak = 3433.918 ; gain = 32.016 ; free physical = 295 ; free virtual = 6823

Phase 9.2 Verifying Netlist Connectivity

Starting Connectivity Check Task

Time (s): cpu = 00:00:00.01 ; elapsed = 00:00:00.01 . Memory (MB): peak = 3433.918 ; gain = 0.000 ; free physical = 295 ; free virtual = 6823
Phase 9.2 Verifying Netlist Connectivity | Checksum: 1ba0b5f5c

Time (s): cpu = 00:00:01 ; elapsed = 00:00:00.97 . Memory (MB): peak = 3433.918 ; gain = 32.016 ; free physical = 295 ; free virtual = 6823
Phase 9 Finalization | Checksum: 1ba0b5f5c

Time (s): cpu = 00:00:01 ; elapsed = 00:00:00.98 . Memory (MB): peak = 3433.918 ; gain = 32.016 ; free physical = 295 ; free virtual = 6823
Opt_design Change Summary
=========================


-------------------------------------------------------------------------------------------------------------------------
|  Phase                        |  #Cells created  |  #Cells Removed  |  #Constrained objects preventing optimizations  |
-------------------------------------------------------------------------------------------------------------------------
|  Retarget                     |              25  |             347  |                                             40  |
|  Constant propagation         |               2  |             200  |                                             40  |
|  Sweep                        |               0  |            1211  |                                             51  |
|  BUFG optimization            |               0  |               0  |                                              0  |
|  Shift Register Optimization  |               0  |               0  |                                              0  |
|  Post Processing Netlist      |               0  |               0  |                                             40  |
-------------------------------------------------------------------------------------------------------------------------


Ending Logic Optimization Task | Checksum: 1ba0b5f5c

Time (s): cpu = 00:00:01 ; elapsed = 00:00:00.98 . Memory (MB): peak = 3433.918 ; gain = 32.016 ; free physical = 295 ; free virtual = 6823

Starting Power Optimization Task
INFO: [Pwropt 34-132] Skipping clock gating for clocks with a period < 2.00 ns.
Ending Power Optimization Task | Checksum: 1ba0b5f5c

Time (s): cpu = 00:00:00.01 ; elapsed = 00:00:00.01 . Memory (MB): peak = 3433.918 ; gain = 0.000 ; free physical = 295 ; free virtual = 6823

Starting Final Cleanup Task
Ending Final Cleanup Task | Checksum: 1ba0b5f5c

Time (s): cpu = 00:00:00 ; elapsed = 00:00:00 . Memory (MB): peak = 3433.918 ; gain = 0.000 ; free physical = 295 ; free virtual = 6823

Starting Netlist Obfuscation Task
Netlist sorting complete. Time (s): cpu = 00:00:00 ; elapsed = 00:00:00 . Memory (MB): peak = 3433.918 ; gain = 0.000 ; free physical = 295 ; free virtual = 6823
Ending Netlist Obfuscation Task | Checksum: 1ba0b5f5c

Time (s): cpu = 00:00:00 ; elapsed = 00:00:00 . Memory (MB): peak = 3433.918 ; gain = 0.000 ; free physical = 295 ; free virtual = 6823
INFO: [Common 17-83] Releasing license: Implementation
43 Infos, 1 Warnings, 0 Critical Warnings and 0 Errors encountered.
opt_design completed successfully
INFO: [Vivado 12-24828] Executing command : report_drc -file EEG_Signal_Processing_wrapper_drc_opted.rpt -pb EEG_Signal_Processing_wrapper_drc_opted.pb -rpx EEG_Signal_Processing_wrapper_drc_opted.rpx
Command: report_drc -file EEG_Signal_Processing_wrapper_drc_opted.rpt -pb EEG_Signal_Processing_wrapper_drc_opted.pb -rpx EEG_Signal_Processing_wrapper_drc_opted.rpx
INFO: [IP_Flow 19-1839] IP Catalog is up to date.
INFO: [Timing 38-35] Done setting XDC timing constraints.
INFO: [DRC 23-27] Running DRC with 8 threads
INFO: [Vivado_Tcl 2-168] The results of DRC are in file /home/dragonlord/Desktop/EEG_Signal_Processing/EEG_Signal_Processing.runs/impl_1/EEG_Signal_Processing_wrapper_drc_opted.rpt.
report_drc completed successfully
report_drc: Time (s): cpu = 00:00:11 ; elapsed = 00:00:09 . Memory (MB): peak = 4321.527 ; gain = 887.609 ; free physical = 201 ; free virtual = 5951
generate_parallel_reports: Time (s): cpu = 00:00:11 ; elapsed = 00:00:09 . Memory (MB): peak = 4321.527 ; gain = 887.609 ; free physical = 201 ; free virtual = 5951
INFO: [Timing 38-480] Writing timing data to binary archive.
Wrote PlaceDB: Time (s): cpu = 00:00:00 ; elapsed = 00:00:00 . Memory (MB): peak = 4321.527 ; gain = 0.000 ; free physical = 195 ; free virtual = 5947
Wrote PulsedLatchDB: Time (s): cpu = 00:00:00 ; elapsed = 00:00:00 . Memory (MB): peak = 4321.527 ; gain = 0.000 ; free physical = 195 ; free virtual = 5947
Writing XDEF routing.
Write ShapeDB Complete: Time (s): cpu = 00:00:00.04 ; elapsed = 00:00:00.01 . Memory (MB): peak = 4321.527 ; gain = 0.000 ; free physical = 194 ; free virtual = 5947
Writing XDEF routing logical nets.
Writing XDEF routing special nets.
Wrote RouteStorage: Time (s): cpu = 00:00:00.16 ; elapsed = 00:00:00.04 . Memory (MB): peak = 4321.527 ; gain = 0.000 ; free physical = 197 ; free virtual = 5950
Wrote Netlist Cache: Time (s): cpu = 00:00:00 ; elapsed = 00:00:00 . Memory (MB): peak = 4321.527 ; gain = 0.000 ; free physical = 197 ; free virtual = 5950
Wrote Device Cache: Time (s): cpu = 00:00:00.03 ; elapsed = 00:00:00.01 . Memory (MB): peak = 4321.527 ; gain = 0.000 ; free physical = 197 ; free virtual = 5953
Write Physdb Complete: Time (s): cpu = 00:00:00.21 ; elapsed = 00:00:00.06 . Memory (MB): peak = 4321.527 ; gain = 0.000 ; free physical = 197 ; free virtual = 5954
INFO: [Common 17-1381] The checkpoint '/home/dragonlord/Desktop/EEG_Signal_Processing/EEG_Signal_Processing.runs/impl_1/EEG_Signal_Processing_wrapper_opt.dcp' has been generated.
Command: place_design
Attempting to get a license for feature 'Implementation' and/or device 'xck24'
INFO: [Common 17-349] Got license for feature 'Implementation' and/or device 'xck24'
INFO: [Common 17-83] Releasing license: Implementation
INFO: [DRC 23-27] Running DRC with 8 threads
INFO: [Vivado_Tcl 4-198] DRC finished with 0 Errors
INFO: [Vivado_Tcl 4-199] Please refer to the DRC report (report_drc) for more information.
Running DRC as a precondition to command place_design
INFO: [DRC 23-27] Running DRC with 8 threads
INFO: [Vivado_Tcl 4-198] DRC finished with 0 Errors
INFO: [Vivado_Tcl 4-199] Please refer to the DRC report (report_drc) for more information.
INFO: [Place 30-611] Multithreading enabled for place_design using a maximum of 8 CPUs

Starting Placer Task

Phase 1 Placer Initialization

Phase 1.1 Placer Initialization Netlist Sorting
Netlist sorting complete. Time (s): cpu = 00:00:00 ; elapsed = 00:00:00 . Memory (MB): peak = 4321.527 ; gain = 0.000 ; free physical = 191 ; free virtual = 5948
Phase 1.1 Placer Initialization Netlist Sorting | Checksum: 118b48b07

Time (s): cpu = 00:00:00.01 ; elapsed = 00:00:00 . Memory (MB): peak = 4321.527 ; gain = 0.000 ; free physical = 191 ; free virtual = 5948
Netlist sorting complete. Time (s): cpu = 00:00:00 ; elapsed = 00:00:00 . Memory (MB): peak = 4321.527 ; gain = 0.000 ; free physical = 191 ; free virtual = 5948

Phase 1.2 IO Placement/ Clock Placement/ Build Placer Device
Phase 1.2 IO Placement/ Clock Placement/ Build Placer Device | Checksum: 27a5f0e6c

Time (s): cpu = 00:00:01 ; elapsed = 00:00:00.61 . Memory (MB): peak = 4321.527 ; gain = 0.000 ; free physical = 337 ; free virtual = 5946

Phase 1.3 Build Placer Netlist Model
Phase 1.3 Build Placer Netlist Model | Checksum: 315db5fb0

Time (s): cpu = 00:00:03 ; elapsed = 00:00:02 . Memory (MB): peak = 4360.570 ; gain = 39.043 ; free physical = 263 ; free virtual = 5873

Phase 1.4 Constrain Clocks/Macros
Phase 1.4 Constrain Clocks/Macros | Checksum: 315db5fb0

Time (s): cpu = 00:00:03 ; elapsed = 00:00:02 . Memory (MB): peak = 4360.570 ; gain = 39.043 ; free physical = 263 ; free virtual = 5873
Phase 1 Placer Initialization | Checksum: 315db5fb0

Time (s): cpu = 00:00:03 ; elapsed = 00:00:02 . Memory (MB): peak = 4360.570 ; gain = 39.043 ; free physical = 263 ; free virtual = 5873

Phase 2 Global Placement

Phase 2.1 Floorplanning

Phase 2.1.1 Partition Driven Placement

Phase 2.1.1.1 PBP: Partition Driven Placement
Phase 2.1.1.1 PBP: Partition Driven Placement | Checksum: 35ac67114

Time (s): cpu = 00:00:05 ; elapsed = 00:00:02 . Memory (MB): peak = 4360.570 ; gain = 39.043 ; free physical = 292 ; free virtual = 5903

Phase 2.1.1.2 PBP: Clock Region Placement
INFO: [Place 30-3162] Check ILP status : ILP-based clock placer completed successfully.
Phase 2.1.1.2 PBP: Clock Region Placement | Checksum: 35ac67114

Time (s): cpu = 00:00:05 ; elapsed = 00:00:03 . Memory (MB): peak = 4360.570 ; gain = 39.043 ; free physical = 282 ; free virtual = 5894

Phase 2.1.1.3 PBP: Compute Congestion
Phase 2.1.1.3 PBP: Compute Congestion | Checksum: 35ac67114

Time (s): cpu = 00:00:11 ; elapsed = 00:00:04 . Memory (MB): peak = 4471.555 ; gain = 150.027 ; free physical = 172 ; free virtual = 5756

Phase 2.1.1.4 PBP: UpdateTiming
Phase 2.1.1.4 PBP: UpdateTiming | Checksum: 2c5dabe3b

Time (s): cpu = 00:00:11 ; elapsed = 00:00:04 . Memory (MB): peak = 4503.570 ; gain = 182.043 ; free physical = 169 ; free virtual = 5754

Phase 2.1.1.5 PBP: Add part constraints
Phase 2.1.1.5 PBP: Add part constraints | Checksum: 2c5dabe3b

Time (s): cpu = 00:00:11 ; elapsed = 00:00:04 . Memory (MB): peak = 4503.570 ; gain = 182.043 ; free physical = 169 ; free virtual = 5754
Phase 2.1.1 Partition Driven Placement | Checksum: 2c5dabe3b

Time (s): cpu = 00:00:11 ; elapsed = 00:00:04 . Memory (MB): peak = 4503.570 ; gain = 182.043 ; free physical = 169 ; free virtual = 5754
Phase 2.1 Floorplanning | Checksum: 2f2e11640

Time (s): cpu = 00:00:11 ; elapsed = 00:00:04 . Memory (MB): peak = 4503.570 ; gain = 182.043 ; free physical = 169 ; free virtual = 5754

Phase 2.2 Update Timing before SLR Path Opt
Phase 2.2 Update Timing before SLR Path Opt | Checksum: 2f2e11640

Time (s): cpu = 00:00:11 ; elapsed = 00:00:04 . Memory (MB): peak = 4503.570 ; gain = 182.043 ; free physical = 169 ; free virtual = 5754

Phase 2.3 Post-Processing in Floorplanning
Phase 2.3 Post-Processing in Floorplanning | Checksum: 2f2e11640

Time (s): cpu = 00:00:11 ; elapsed = 00:00:05 . Memory (MB): peak = 4503.570 ; gain = 182.043 ; free physical = 169 ; free virtual = 5754

Phase 2.4 Global Place Phase1
Phase 2.4 Global Place Phase1 | Checksum: 2956e029b

Time (s): cpu = 00:00:23 ; elapsed = 00:00:08 . Memory (MB): peak = 4530.570 ; gain = 209.043 ; free physical = 195 ; free virtual = 5752

Phase 2.5 Global Place Phase2

Phase 2.5.1 UpdateTiming Before Physical Synthesis
Phase 2.5.1 UpdateTiming Before Physical Synthesis | Checksum: 2956e029b

Time (s): cpu = 00:00:23 ; elapsed = 00:00:08 . Memory (MB): peak = 4535.570 ; gain = 214.043 ; free physical = 196 ; free virtual = 5752

Phase 2.5.2 Physical Synthesis In Placer
INFO: [Physopt 32-1035] Found 0 LUTNM shape to break, 285 LUT instances to create LUTNM shape
INFO: [Physopt 32-1044] Break lutnm for timing: one critical 0, two critical 0, total 0, new lutff created 0
INFO: [Physopt 32-1138] End 1 Pass. Optimized 111 nets or LUTs. Breaked 0 LUT, combined 111 existing LUTs and moved 0 existing LUT
INFO: [Physopt 32-69] No nets found for rewiring optimization.
INFO: [Physopt 32-661] Optimized 0 net.  Re-placed 0 instance.
INFO: [Physopt 32-775] End 1 Pass. Optimized 0 net or cell. Created 0 new cell, deleted 0 existing cell and moved 0 existing cell
INFO: [Physopt 32-65] No nets found for high-fanout optimization.
INFO: [Physopt 32-232] Optimized 0 net. Created 0 new instance.
INFO: [Physopt 32-775] End 1 Pass. Optimized 0 net or cell. Created 0 new cell, deleted 0 existing cell and moved 0 existing cell
INFO: [Physopt 32-670] No setup violation found.  DSP Register Optimization was not performed.
INFO: [Physopt 32-670] No setup violation found.  Shift Register to Pipeline Optimization was not performed.
INFO: [Physopt 32-670] No setup violation found.  Shift Register Optimization was not performed.
INFO: [Physopt 32-670] No setup violation found.  BRAM Register Optimization was not performed.
INFO: [Physopt 32-670] No setup violation found.  URAM Register Optimization was not performed.
INFO: [Physopt 32-949] No candidate nets found for dynamic/static region interface net replication
INFO: [Physopt 32-775] End 1 Pass. Optimized 0 net or cell. Created 0 new cell, deleted 0 existing cell and moved 0 existing cell
Netlist sorting complete. Time (s): cpu = 00:00:00 ; elapsed = 00:00:00 . Memory (MB): peak = 4535.570 ; gain = 0.000 ; free physical = 196 ; free virtual = 5755

Summary of Physical Synthesis Optimizations
============================================


-----------------------------------------------------------------------------------------------------------------------------------------------------------
|  Optimization                                     |  Added Cells  |  Removed Cells  |  Optimized Cells/Nets  |  Dont Touch  |  Iterations  |  Elapsed   |
-----------------------------------------------------------------------------------------------------------------------------------------------------------
|  LUT Combining                                    |            0  |            111  |                   111  |           0  |           1  |  00:00:00  |
|  Retime                                           |            0  |              0  |                     0  |           0  |           1  |  00:00:00  |
|  Equivalent Driver Rewiring                       |            0  |              0  |                     0  |           0  |           1  |  00:00:00  |
|  Very High Fanout                                 |            0  |              0  |                     0  |           0  |           1  |  00:00:00  |
|  DSP Register                                     |            0  |              0  |                     0  |           0  |           0  |  00:00:00  |
|  Shift Register to Pipeline                       |            0  |              0  |                     0  |           0  |           0  |  00:00:00  |
|  Shift Register                                   |            0  |              0  |                     0  |           0  |           0  |  00:00:00  |
|  BRAM Register                                    |            0  |              0  |                     0  |           0  |           0  |  00:00:00  |
|  URAM Register                                    |            0  |              0  |                     0  |           0  |           0  |  00:00:00  |
|  Dynamic/Static Region Interface Net Replication  |            0  |              0  |                     0  |           0  |           1  |  00:00:00  |
|  Total                                            |            0  |            111  |                   111  |           0  |           5  |  00:00:00  |
-----------------------------------------------------------------------------------------------------------------------------------------------------------


Phase 2.5.2 Physical Synthesis In Placer | Checksum: 2cfb69a71

Time (s): cpu = 00:00:24 ; elapsed = 00:00:09 . Memory (MB): peak = 4535.570 ; gain = 214.043 ; free physical = 196 ; free virtual = 5755
Phase 2.5 Global Place Phase2 | Checksum: 22d927d1d

Time (s): cpu = 00:00:31 ; elapsed = 00:00:11 . Memory (MB): peak = 4535.570 ; gain = 214.043 ; free physical = 192 ; free virtual = 5752
Phase 2 Global Placement | Checksum: 22d927d1d

Time (s): cpu = 00:00:31 ; elapsed = 00:00:11 . Memory (MB): peak = 4535.570 ; gain = 214.043 ; free physical = 192 ; free virtual = 5752

Phase 3 Detail Placement

Phase 3.1 Commit Multi Column Macros
Phase 3.1 Commit Multi Column Macros | Checksum: 25176d57f

Time (s): cpu = 00:00:37 ; elapsed = 00:00:12 . Memory (MB): peak = 4535.570 ; gain = 214.043 ; free physical = 194 ; free virtual = 5755

Phase 3.2 Commit Most Macros & LUTRAMs
Phase 3.2 Commit Most Macros & LUTRAMs | Checksum: 2083b4ca2

Time (s): cpu = 00:00:38 ; elapsed = 00:00:13 . Memory (MB): peak = 4535.570 ; gain = 214.043 ; free physical = 202 ; free virtual = 5763

Phase 3.3 Small Shape DP

Phase 3.3.1 Small Shape Clustering
Phase 3.3.1 Small Shape Clustering | Checksum: 2488c6096

Time (s): cpu = 00:00:44 ; elapsed = 00:00:15 . Memory (MB): peak = 4535.570 ; gain = 214.043 ; free physical = 203 ; free virtual = 5765

Phase 3.3.2 Slice Area Swap

Phase 3.3.2.1 Slice Area Swap Initial
Phase 3.3.2.1 Slice Area Swap Initial | Checksum: 1b858fad2

Time (s): cpu = 00:00:45 ; elapsed = 00:00:15 . Memory (MB): peak = 4535.570 ; gain = 214.043 ; free physical = 199 ; free virtual = 5761
Phase 3.3.2 Slice Area Swap | Checksum: 1b858fad2

Time (s): cpu = 00:00:45 ; elapsed = 00:00:15 . Memory (MB): peak = 4535.570 ; gain = 214.043 ; free physical = 199 ; free virtual = 5761
Phase 3.3 Small Shape DP | Checksum: 2adae6e2a

Time (s): cpu = 00:00:46 ; elapsed = 00:00:15 . Memory (MB): peak = 4535.570 ; gain = 214.043 ; free physical = 198 ; free virtual = 5760

Phase 3.4 Re-assign LUT pins
Phase 3.4 Re-assign LUT pins | Checksum: 21ee9cdbc

Time (s): cpu = 00:00:46 ; elapsed = 00:00:15 . Memory (MB): peak = 4535.570 ; gain = 214.043 ; free physical = 198 ; free virtual = 5760

Phase 3.5 Pipeline Register Optimization
Phase 3.5 Pipeline Register Optimization | Checksum: 190e2a347

Time (s): cpu = 00:00:46 ; elapsed = 00:00:15 . Memory (MB): peak = 4535.570 ; gain = 214.043 ; free physical = 198 ; free virtual = 5760
Phase 3 Detail Placement | Checksum: 190e2a347

Time (s): cpu = 00:00:46 ; elapsed = 00:00:15 . Memory (MB): peak = 4535.570 ; gain = 214.043 ; free physical = 198 ; free virtual = 5760

Phase 4 Post Placement Optimization and Clean-Up

Phase 4.1 Post Commit Optimization
INFO: [Timing 38-35] Done setting XDC timing constraints.

Phase 4.1.1 Post Placement Optimization
Post Placement Optimization Initialization | Checksum: 1e435d3aa

Phase 4.1.1.1 BUFG Insertion

Starting Physical Synthesis Task

Phase 1 Physical Synthesis Initialization
INFO: [Physopt 32-721] Multithreading enabled for phys_opt_design using a maximum of 8 CPUs
INFO: [Physopt 32-619] Estimated Timing Summary | WNS=7.093 | TNS=0.000 |
Phase 1 Physical Synthesis Initialization | Checksum: 185053040

Time (s): cpu = 00:00:00.22 ; elapsed = 00:00:00.05 . Memory (MB): peak = 4535.570 ; gain = 0.000 ; free physical = 203 ; free virtual = 5765
INFO: [Place 46-56] BUFG insertion identified 0 candidate nets. Inserted BUFG: 0, Replicated BUFG Driver: 0, Skipped due to Placement/Routing Conflicts: 0, Skipped due to Timing Degradation: 0, Skipped due to netlist editing failed: 0.
Ending Physical Synthesis Task | Checksum: 2530f427c

Time (s): cpu = 00:00:00.27 ; elapsed = 00:00:00.08 . Memory (MB): peak = 4535.570 ; gain = 0.000 ; free physical = 203 ; free virtual = 5765
Phase 4.1.1.1 BUFG Insertion | Checksum: 1e435d3aa

Time (s): cpu = 00:00:55 ; elapsed = 00:00:18 . Memory (MB): peak = 4535.570 ; gain = 214.043 ; free physical = 203 ; free virtual = 5765

Phase 4.1.1.2 Post Placement Timing Optimization
INFO: [Place 30-746] Post Placement Timing Summary WNS=7.093. For the most accurate timing information please run report_timing.
Phase 4.1.1.2 Post Placement Timing Optimization | Checksum: 25ec53759

Time (s): cpu = 00:00:55 ; elapsed = 00:00:18 . Memory (MB): peak = 4535.570 ; gain = 214.043 ; free physical = 203 ; free virtual = 5765

Time (s): cpu = 00:00:55 ; elapsed = 00:00:18 . Memory (MB): peak = 4535.570 ; gain = 214.043 ; free physical = 203 ; free virtual = 5765
Phase 4.1 Post Commit Optimization | Checksum: 25ec53759

Time (s): cpu = 00:00:55 ; elapsed = 00:00:18 . Memory (MB): peak = 4535.570 ; gain = 214.043 ; free physical = 203 ; free virtual = 5765
Netlist sorting complete. Time (s): cpu = 00:00:00.01 ; elapsed = 00:00:00 . Memory (MB): peak = 4546.555 ; gain = 0.000 ; free physical = 170 ; free virtual = 5723

Phase 4.2 Post Placement Cleanup
Phase 4.2 Post Placement Cleanup | Checksum: 20141da2e

Time (s): cpu = 00:01:02 ; elapsed = 00:00:21 . Memory (MB): peak = 4546.555 ; gain = 225.027 ; free physical = 170 ; free virtual = 5723

Phase 4.3 Placer Reporting

Phase 4.3.1 Print Estimated Congestion
INFO: [Place 30-612] Post-Placement Estimated Congestion 
 ________________________________________________________________________
|           | Global Congestion | Long Congestion   | Short Congestion  |
| Direction | Region Size       | Region Size       | Region Size       |
|___________|___________________|___________________|___________________|
|      North|                1x1|                1x1|                1x1|
|___________|___________________|___________________|___________________|
|      South|                1x1|                1x1|                1x1|
|___________|___________________|___________________|___________________|
|       East|                1x1|                1x1|                1x1|
|___________|___________________|___________________|___________________|
|       West|                1x1|                1x1|                1x1|
|___________|___________________|___________________|___________________|

Phase 4.3.1 Print Estimated Congestion | Checksum: 20141da2e

Time (s): cpu = 00:01:02 ; elapsed = 00:00:21 . Memory (MB): peak = 4546.555 ; gain = 225.027 ; free physical = 170 ; free virtual = 5723
Phase 4.3 Placer Reporting | Checksum: 20141da2e

Time (s): cpu = 00:01:02 ; elapsed = 00:00:21 . Memory (MB): peak = 4546.555 ; gain = 225.027 ; free physical = 170 ; free virtual = 5723

Phase 4.4 Final Placement Cleanup
Netlist sorting complete. Time (s): cpu = 00:00:00 ; elapsed = 00:00:00 . Memory (MB): peak = 4546.555 ; gain = 0.000 ; free physical = 170 ; free virtual = 5723

Time (s): cpu = 00:01:02 ; elapsed = 00:00:21 . Memory (MB): peak = 4546.555 ; gain = 225.027 ; free physical = 170 ; free virtual = 5723
Phase 4 Post Placement Optimization and Clean-Up | Checksum: 215a28b47

Time (s): cpu = 00:01:02 ; elapsed = 00:00:21 . Memory (MB): peak = 4546.555 ; gain = 225.027 ; free physical = 170 ; free virtual = 5723
Ending Placer Task | Checksum: 16895c215

Time (s): cpu = 00:01:02 ; elapsed = 00:00:21 . Memory (MB): peak = 4546.555 ; gain = 225.027 ; free physical = 170 ; free virtual = 5723
82 Infos, 1 Warnings, 0 Critical Warnings and 0 Errors encountered.
place_design completed successfully
place_design: Time (s): cpu = 00:01:06 ; elapsed = 00:00:22 . Memory (MB): peak = 4546.555 ; gain = 225.027 ; free physical = 170 ; free virtual = 5723
INFO: [Vivado 12-24838] Running report commands "report_control_sets, report_io, report_utilization" in parallel.
Running report generation with 3 threads.
INFO: [Vivado 12-24828] Executing command : report_control_sets -verbose -file EEG_Signal_Processing_wrapper_control_sets_placed.rpt
report_control_sets: Time (s): cpu = 00:00:00.13 ; elapsed = 00:00:00.11 . Memory (MB): peak = 4546.555 ; gain = 0.000 ; free physical = 147 ; free virtual = 5692
INFO: [Vivado 12-24828] Executing command : report_io -file EEG_Signal_Processing_wrapper_io_placed.rpt
report_io: Time (s): cpu = 00:00:00.17 ; elapsed = 00:00:00.16 . Memory (MB): peak = 4546.555 ; gain = 0.000 ; free physical = 157 ; free virtual = 5695
INFO: [Vivado 12-24828] Executing command : report_utilization -file EEG_Signal_Processing_wrapper_utilization_placed.rpt -pb EEG_Signal_Processing_wrapper_utilization_placed.pb
INFO: [Timing 38-480] Writing timing data to binary archive.
Write ShapeDB Complete: Time (s): cpu = 00:00:00.1 ; elapsed = 00:00:00.02 . Memory (MB): peak = 4546.555 ; gain = 0.000 ; free physical = 163 ; free virtual = 5703
Wrote PlaceDB: Time (s): cpu = 00:00:00.75 ; elapsed = 00:00:00.22 . Memory (MB): peak = 4546.555 ; gain = 0.000 ; free physical = 151 ; free virtual = 5699
Wrote PulsedLatchDB: Time (s): cpu = 00:00:00 ; elapsed = 00:00:00 . Memory (MB): peak = 4546.555 ; gain = 0.000 ; free physical = 151 ; free virtual = 5699
Writing XDEF routing.
Writing XDEF routing logical nets.
Writing XDEF routing special nets.
Wrote RouteStorage: Time (s): cpu = 00:00:00.12 ; elapsed = 00:00:00.04 . Memory (MB): peak = 4546.555 ; gain = 0.000 ; free physical = 151 ; free virtual = 5700
Wrote Netlist Cache: Time (s): cpu = 00:00:00.02 ; elapsed = 00:00:00.01 . Memory (MB): peak = 4546.555 ; gain = 0.000 ; free physical = 151 ; free virtual = 5700
Wrote Device Cache: Time (s): cpu = 00:00:00.04 ; elapsed = 00:00:00.01 . Memory (MB): peak = 4546.555 ; gain = 0.000 ; free physical = 153 ; free virtual = 5699
Write Physdb Complete: Time (s): cpu = 00:00:00.95 ; elapsed = 00:00:00.29 . Memory (MB): peak = 4546.555 ; gain = 0.000 ; free physical = 170 ; free virtual = 5692
INFO: [Common 17-1381] The checkpoint '/home/dragonlord/Desktop/EEG_Signal_Processing/EEG_Signal_Processing.runs/impl_1/EEG_Signal_Processing_wrapper_placed.dcp' has been generated.
Command: phys_opt_design
Attempting to get a license for feature 'Implementation' and/or device 'xck24'
INFO: [Common 17-349] Got license for feature 'Implementation' and/or device 'xck24'

Starting Initial Update Timing Task

Time (s): cpu = 00:00:02 ; elapsed = 00:00:00.54 . Memory (MB): peak = 4546.555 ; gain = 0.000 ; free physical = 176 ; free virtual = 5690
INFO: [Vivado_Tcl 4-2279] Estimated Timing Summary | WNS= 7.097 | TNS= 0.000 | 
INFO: [Vivado_Tcl 4-383] Design worst setup slack (WNS) is greater than or equal to 0.000 ns. All physical synthesis setup optimizations will be skipped.
INFO: [Vivado_Tcl 4-232] No setup violation found. The netlist was not modified.
INFO: [Common 17-83] Releasing license: Implementation
93 Infos, 1 Warnings, 0 Critical Warnings and 0 Errors encountered.
phys_opt_design completed successfully
INFO: [Timing 38-480] Writing timing data to binary archive.
Write ShapeDB Complete: Time (s): cpu = 00:00:00.09 ; elapsed = 00:00:00.02 . Memory (MB): peak = 4546.555 ; gain = 0.000 ; free physical = 174 ; free virtual = 5690
Wrote PlaceDB: Time (s): cpu = 00:00:00.74 ; elapsed = 00:00:00.21 . Memory (MB): peak = 4546.555 ; gain = 0.000 ; free physical = 169 ; free virtual = 5692
Wrote PulsedLatchDB: Time (s): cpu = 00:00:00 ; elapsed = 00:00:00 . Memory (MB): peak = 4546.555 ; gain = 0.000 ; free physical = 169 ; free virtual = 5692
Writing XDEF routing.
Writing XDEF routing logical nets.
Writing XDEF routing special nets.
Wrote RouteStorage: Time (s): cpu = 00:00:00.1 ; elapsed = 00:00:00.04 . Memory (MB): peak = 4546.555 ; gain = 0.000 ; free physical = 168 ; free virtual = 5693
Wrote Netlist Cache: Time (s): cpu = 00:00:00.02 ; elapsed = 00:00:00 . Memory (MB): peak = 4546.555 ; gain = 0.000 ; free physical = 168 ; free virtual = 5693
Wrote Device Cache: Time (s): cpu = 00:00:00.04 ; elapsed = 00:00:00.02 . Memory (MB): peak = 4546.555 ; gain = 0.000 ; free physical = 168 ; free virtual = 5696
Write Physdb Complete: Time (s): cpu = 00:00:00.92 ; elapsed = 00:00:00.27 . Memory (MB): peak = 4546.555 ; gain = 0.000 ; free physical = 168 ; free virtual = 5696
INFO: [Common 17-1381] The checkpoint '/home/dragonlord/Desktop/EEG_Signal_Processing/EEG_Signal_Processing.runs/impl_1/EEG_Signal_Processing_wrapper_physopt.dcp' has been generated.
Command: route_design
Attempting to get a license for feature 'Implementation' and/or device 'xck24'
INFO: [Common 17-349] Got license for feature 'Implementation' and/or device 'xck24'


Starting Routing Task
INFO: [Route 35-254] Multithreading enabled for route_design using a maximum of 8 CPUs

Phase 1 Build RT Design
Checksum: PlaceDB: 5a3c44b8 ConstDB: 0 ShapeSum: c591a781 RouteDB: 48c7d5dc
Nodegraph reading from file.  Time (s): cpu = 00:00:00.29 ; elapsed = 00:00:00.3 . Memory (MB): peak = 4546.555 ; gain = 0.000 ; free physical = 181 ; free virtual = 5704
Post Restoration Checksum: NetGraph: 67e634ba | NumContArr: 4ca4d61f | Constraints: 34ccde04 | Timing: c2a8fa9d
Phase 1 Build RT Design | Checksum: 1ac00e37a

Time (s): cpu = 00:00:04 ; elapsed = 00:00:02 . Memory (MB): peak = 4546.555 ; gain = 0.000 ; free physical = 181 ; free virtual = 5704

Phase 2 Router Initialization

Phase 2.1 Fix Topology Constraints
Phase 2.1 Fix Topology Constraints | Checksum: 1ac00e37a

Time (s): cpu = 00:00:04 ; elapsed = 00:00:02 . Memory (MB): peak = 4546.555 ; gain = 0.000 ; free physical = 181 ; free virtual = 5705

Phase 2.2 Pre Route Cleanup
Phase 2.2 Pre Route Cleanup | Checksum: 1ac00e37a

Time (s): cpu = 00:00:04 ; elapsed = 00:00:02 . Memory (MB): peak = 4546.555 ; gain = 0.000 ; free physical = 181 ; free virtual = 5705

Phase 2.3 Global Clock Net Routing
 Number of Nodes with overlaps = 0
Phase 2.3 Global Clock Net Routing | Checksum: 2650911be

Time (s): cpu = 00:00:04 ; elapsed = 00:00:02 . Memory (MB): peak = 4546.555 ; gain = 0.000 ; free physical = 182 ; free virtual = 5706

Phase 2.4 Update Timing
Phase 2.4 Update Timing | Checksum: 1e4469061

Time (s): cpu = 00:00:05 ; elapsed = 00:00:02 . Memory (MB): peak = 4546.555 ; gain = 0.000 ; free physical = 182 ; free virtual = 5706
INFO: [Route 35-416] Intermediate Timing Summary | WNS=7.183  | TNS=0.000  | WHS=-0.077 | THS=-77.335|


Router Utilization Summary
  Global Vertical Routing Utilization    = 0 %
  Global Horizontal Routing Utilization  = 0 %
  Routable Net Status*
  *Does not include unroutable nets such as driverless and loadless.
  Run report_route_status for detailed report.
  Number of Failed Nets               = 7577
    (Failed Nets is the sum of unrouted and partially routed nets)
  Number of Unrouted Nets             = 6471
  Number of Partially Routed Nets     = 1106
  Number of Node Overlaps             = 0

Phase 2 Router Initialization | Checksum: 2882ff60e

Time (s): cpu = 00:00:07 ; elapsed = 00:00:03 . Memory (MB): peak = 4546.555 ; gain = 0.000 ; free physical = 183 ; free virtual = 5708

Phase 3 Global Routing
Phase 3 Global Routing | Checksum: 2882ff60e

Time (s): cpu = 00:00:07 ; elapsed = 00:00:03 . Memory (MB): peak = 4546.555 ; gain = 0.000 ; free physical = 183 ; free virtual = 5708

Phase 4 Initial Routing

Phase 4.1 Initial Net Routing Pass
Phase 4.1 Initial Net Routing Pass | Checksum: 21bef175f

Time (s): cpu = 00:00:09 ; elapsed = 00:00:04 . Memory (MB): peak = 4546.555 ; gain = 0.000 ; free physical = 185 ; free virtual = 5709
Phase 4 Initial Routing | Checksum: 268818bb1

Time (s): cpu = 00:00:10 ; elapsed = 00:00:04 . Memory (MB): peak = 4546.555 ; gain = 0.000 ; free physical = 185 ; free virtual = 5709

Phase 5 Rip-up And Reroute

Phase 5.1 Global Iteration 0
 Number of Nodes with overlaps = 1419
 Number of Nodes with overlaps = 77
 Number of Nodes with overlaps = 1
 Number of Nodes with overlaps = 0
INFO: [Route 35-416] Intermediate Timing Summary | WNS=6.197  | TNS=0.000  | WHS=-0.032 | THS=-0.132 |

Phase 5.1 Global Iteration 0 | Checksum: 17b69ba2c

Time (s): cpu = 00:00:19 ; elapsed = 00:00:07 . Memory (MB): peak = 4546.555 ; gain = 0.000 ; free physical = 191 ; free virtual = 5716

Phase 5.2 Additional Iteration for Hold
Phase 5.2 Additional Iteration for Hold | Checksum: 1255031da

Time (s): cpu = 00:00:19 ; elapsed = 00:00:07 . Memory (MB): peak = 4546.555 ; gain = 0.000 ; free physical = 191 ; free virtual = 5716
Phase 5 Rip-up And Reroute | Checksum: 1255031da

Time (s): cpu = 00:00:19 ; elapsed = 00:00:07 . Memory (MB): peak = 4546.555 ; gain = 0.000 ; free physical = 191 ; free virtual = 5716

Phase 6 Delay and Skew Optimization

Phase 6.1 Delay CleanUp
INFO: [Route 35-416] Intermediate Timing Summary | WNS=6.197  | TNS=0.000  | WHS=0.013  | THS=0.000  |

INFO: [Route 35-416] Intermediate Timing Summary | WNS=6.197  | TNS=0.000  | WHS=0.013  | THS=0.000  |

Phase 6.1 Delay CleanUp | Checksum: 1255f6d8f

Time (s): cpu = 00:00:20 ; elapsed = 00:00:07 . Memory (MB): peak = 4546.555 ; gain = 0.000 ; free physical = 192 ; free virtual = 5716

Phase 6.2 Clock Skew Optimization
Phase 6.2 Clock Skew Optimization | Checksum: 1255f6d8f

Time (s): cpu = 00:00:20 ; elapsed = 00:00:07 . Memory (MB): peak = 4546.555 ; gain = 0.000 ; free physical = 192 ; free virtual = 5716
Phase 6 Delay and Skew Optimization | Checksum: 1255f6d8f

Time (s): cpu = 00:00:20 ; elapsed = 00:00:07 . Memory (MB): peak = 4546.555 ; gain = 0.000 ; free physical = 192 ; free virtual = 5716

Phase 7 Post Hold Fix

Phase 7.1 Hold Fix Iter
INFO: [Route 35-416] Intermediate Timing Summary | WNS=6.197  | TNS=0.000  | WHS=0.013  | THS=0.000  |

Phase 7.1 Hold Fix Iter | Checksum: 10f72f3c6

Time (s): cpu = 00:00:21 ; elapsed = 00:00:07 . Memory (MB): peak = 4546.555 ; gain = 0.000 ; free physical = 192 ; free virtual = 5716
Phase 7 Post Hold Fix | Checksum: 10f72f3c6

Time (s): cpu = 00:00:21 ; elapsed = 00:00:07 . Memory (MB): peak = 4546.555 ; gain = 0.000 ; free physical = 192 ; free virtual = 5716

Phase 8 Route finalize

Router Utilization Summary
  Global Vertical Routing Utilization    = 1.13348 %
  Global Horizontal Routing Utilization  = 1.4406 %
  Routable Net Status*
  *Does not include unroutable nets such as driverless and loadless.
  Run report_route_status for detailed report.
  Number of Failed Nets               = 0
    (Failed Nets is the sum of unrouted and partially routed nets)
  Number of Unrouted Nets             = 0
  Number of Partially Routed Nets     = 0
  Number of Node Overlaps             = 0

Phase 8 Route finalize | Checksum: 10f72f3c6

Time (s): cpu = 00:00:21 ; elapsed = 00:00:07 . Memory (MB): peak = 4546.555 ; gain = 0.000 ; free physical = 192 ; free virtual = 5716

Phase 9 Verifying routed nets

 Verification completed successfully
Phase 9 Verifying routed nets | Checksum: 10f72f3c6

Time (s): cpu = 00:00:21 ; elapsed = 00:00:07 . Memory (MB): peak = 4546.555 ; gain = 0.000 ; free physical = 191 ; free virtual = 5715

Phase 10 Depositing Routes
Phase 10 Depositing Routes | Checksum: 10f72f3c6

Time (s): cpu = 00:00:22 ; elapsed = 00:00:07 . Memory (MB): peak = 4546.555 ; gain = 0.000 ; free physical = 191 ; free virtual = 5715

Phase 11 Resolve XTalk
Phase 11 Resolve XTalk | Checksum: 10f72f3c6

Time (s): cpu = 00:00:22 ; elapsed = 00:00:07 . Memory (MB): peak = 4546.555 ; gain = 0.000 ; free physical = 191 ; free virtual = 5715

Phase 12 Post Process Routing
Phase 12 Post Process Routing | Checksum: 10f72f3c6

Time (s): cpu = 00:00:22 ; elapsed = 00:00:07 . Memory (MB): peak = 4546.555 ; gain = 0.000 ; free physical = 191 ; free virtual = 5715

Phase 13 Post Router Timing
INFO: [Route 35-57] Estimated Timing Summary | WNS=6.197  | TNS=0.000  | WHS=0.013  | THS=0.000  |

INFO: [Route 35-327] The final timing numbers are based on the router estimated timing analysis. For a complete and accurate timing signoff, please run report_timing_summary.
Phase 13 Post Router Timing | Checksum: 10f72f3c6

Time (s): cpu = 00:00:22 ; elapsed = 00:00:07 . Memory (MB): peak = 4546.555 ; gain = 0.000 ; free physical = 191 ; free virtual = 5715
Total Elapsed time in route_design: 7.36 secs

Phase 14 Post-Route Event Processing
Phase 14 Post-Route Event Processing | Checksum: 1e8ed0e19

Time (s): cpu = 00:00:22 ; elapsed = 00:00:07 . Memory (MB): peak = 4546.555 ; gain = 0.000 ; free physical = 191 ; free virtual = 5715
INFO: [Route 35-16] Router Completed Successfully
Ending Routing Task | Checksum: 1e8ed0e19

Time (s): cpu = 00:00:22 ; elapsed = 00:00:07 . Memory (MB): peak = 4546.555 ; gain = 0.000 ; free physical = 191 ; free virtual = 5715

Routing Is Done.
INFO: [Common 17-83] Releasing license: Implementation
106 Infos, 1 Warnings, 0 Critical Warnings and 0 Errors encountered.
route_design completed successfully
route_design: Time (s): cpu = 00:00:22 ; elapsed = 00:00:07 . Memory (MB): peak = 4546.555 ; gain = 0.000 ; free physical = 191 ; free virtual = 5715
INFO: [Vivado 12-24828] Executing command : report_drc -file EEG_Signal_Processing_wrapper_drc_routed.rpt -pb EEG_Signal_Processing_wrapper_drc_routed.pb -rpx EEG_Signal_Processing_wrapper_drc_routed.rpx
Command: report_drc -file EEG_Signal_Processing_wrapper_drc_routed.rpt -pb EEG_Signal_Processing_wrapper_drc_routed.pb -rpx EEG_Signal_Processing_wrapper_drc_routed.rpx
INFO: [IP_Flow 19-1839] IP Catalog is up to date.
INFO: [DRC 23-27] Running DRC with 8 threads
INFO: [Vivado_Tcl 2-168] The results of DRC are in file /home/dragonlord/Desktop/EEG_Signal_Processing/EEG_Signal_Processing.runs/impl_1/EEG_Signal_Processing_wrapper_drc_routed.rpt.
report_drc completed successfully
INFO: [Vivado 12-24828] Executing command : report_methodology -file EEG_Signal_Processing_wrapper_methodology_drc_routed.rpt -pb EEG_Signal_Processing_wrapper_methodology_drc_routed.pb -rpx EEG_Signal_Processing_wrapper_methodology_drc_routed.rpx
Command: report_methodology -file EEG_Signal_Processing_wrapper_methodology_drc_routed.rpt -pb EEG_Signal_Processing_wrapper_methodology_drc_routed.pb -rpx EEG_Signal_Processing_wrapper_methodology_drc_routed.rpx
INFO: [Timing 38-35] Done setting XDC timing constraints.
INFO: [DRC 23-133] Running Methodology with 8 threads
INFO: [Vivado_Tcl 2-1520] The results of Report Methodology are in file /home/dragonlord/Desktop/EEG_Signal_Processing/EEG_Signal_Processing.runs/impl_1/EEG_Signal_Processing_wrapper_methodology_drc_routed.rpt.
report_methodology completed successfully
INFO: [Vivado 12-24828] Executing command : report_timing_summary -max_paths 10 -report_unconstrained -file EEG_Signal_Processing_wrapper_timing_summary_routed.rpt -pb EEG_Signal_Processing_wrapper_timing_summary_routed.pb -rpx EEG_Signal_Processing_wrapper_timing_summary_routed.rpx -warn_on_violation 
INFO: [Timing 38-35] Done setting XDC timing constraints.
INFO: [Timing 38-91] UpdateTimingParams: Speed grade: -2LV, Temperature grade: C, Delay Type: min_max.
INFO: [Timing 38-191] Multithreading enabled for timing update using a maximum of 8 CPUs
INFO: [Vivado 12-24838] Running report commands "report_bus_skew, report_incremental_reuse, report_route_status" in parallel.
Running report generation with 3 threads.
INFO: [Vivado 12-24828] Executing command : report_incremental_reuse -file EEG_Signal_Processing_wrapper_incremental_reuse_routed.rpt
INFO: [Vivado_Tcl 4-1062] Incremental flow is disabled. No incremental reuse Info to report.
INFO: [Vivado 12-24828] Executing command : report_bus_skew -warn_on_violation -file EEG_Signal_Processing_wrapper_bus_skew_routed.rpt -pb EEG_Signal_Processing_wrapper_bus_skew_routed.pb -rpx EEG_Signal_Processing_wrapper_bus_skew_routed.rpx
INFO: [Timing 38-91] UpdateTimingParams: Speed grade: -2LV, Temperature grade: C, Delay Type: min_max.
INFO: [Timing 38-191] Multithreading enabled for timing update using a maximum of 8 CPUs
INFO: [Vivado 12-24828] Executing command : report_route_status -file EEG_Signal_Processing_wrapper_route_status.rpt -pb EEG_Signal_Processing_wrapper_route_status.pb
INFO: [Vivado 12-24828] Executing command : report_power -file EEG_Signal_Processing_wrapper_power_routed.rpt -pb EEG_Signal_Processing_wrapper_power_summary_routed.pb -rpx EEG_Signal_Processing_wrapper_power_routed.rpx
Command: report_power -file EEG_Signal_Processing_wrapper_power_routed.rpt -pb EEG_Signal_Processing_wrapper_power_summary_routed.pb -rpx EEG_Signal_Processing_wrapper_power_routed.rpx
Running Vector-less Activity Propagation...

Finished Running Vector-less Activity Propagation
126 Infos, 1 Warnings, 0 Critical Warnings and 0 Errors encountered.
report_power completed successfully
INFO: [Vivado 12-24828] Executing command : report_clock_utilization -file EEG_Signal_Processing_wrapper_clock_utilization_routed.rpt
generate_parallel_reports: Time (s): cpu = 00:00:17 ; elapsed = 00:00:05 . Memory (MB): peak = 4602.582 ; gain = 56.027 ; free physical = 194 ; free virtual = 5728
INFO: [Timing 38-480] Writing timing data to binary archive.
Write ShapeDB Complete: Time (s): cpu = 00:00:00.1 ; elapsed = 00:00:00.02 . Memory (MB): peak = 4602.582 ; gain = 0.000 ; free physical = 192 ; free virtual = 5729
Wrote PlaceDB: Time (s): cpu = 00:00:00.75 ; elapsed = 00:00:00.21 . Memory (MB): peak = 4602.582 ; gain = 0.000 ; free physical = 188 ; free virtual = 5733
Wrote PulsedLatchDB: Time (s): cpu = 00:00:00 ; elapsed = 00:00:00 . Memory (MB): peak = 4602.582 ; gain = 0.000 ; free physical = 188 ; free virtual = 5733
Writing XDEF routing.
Writing XDEF routing logical nets.
Writing XDEF routing special nets.
Wrote RouteStorage: Time (s): cpu = 00:00:00.24 ; elapsed = 00:00:00.07 . Memory (MB): peak = 4602.582 ; gain = 0.000 ; free physical = 187 ; free virtual = 5733
Wrote Netlist Cache: Time (s): cpu = 00:00:00.01 ; elapsed = 00:00:00.01 . Memory (MB): peak = 4602.582 ; gain = 0.000 ; free physical = 187 ; free virtual = 5734
Wrote Device Cache: Time (s): cpu = 00:00:00.03 ; elapsed = 00:00:00.01 . Memory (MB): peak = 4602.582 ; gain = 0.000 ; free physical = 182 ; free virtual = 5732
Write Physdb Complete: Time (s): cpu = 00:00:01 ; elapsed = 00:00:00.31 . Memory (MB): peak = 4602.582 ; gain = 0.000 ; free physical = 182 ; free virtual = 5732
INFO: [Common 17-1381] The checkpoint '/home/dragonlord/Desktop/EEG_Signal_Processing/EEG_Signal_Processing.runs/impl_1/EEG_Signal_Processing_wrapper_routed.dcp' has been generated.

WARNING::74 - Unsupported FPGA device name 'xck24-ubva530-2LV-c'. Verify that the specified device is a valid customer supported device.
-p xck24-ubva530-2LV-c
   ^

INFO: [Memdata 28-167] Found XPM memory block EEG_Signal_Processing_i/smartconnect_0/inst/s00_nodes/s00_w_node/inst/inst_mi_handler/gen_normal_area.inst_fifo_node_payld/gen_xpm_memory_fifo.inst_fifo/gen_mem_rep[0].inst_xpm_memory/xpm_memory_base_inst with a P_MEMORY_PRIMITIVE property set to distributed. A value of block is required. You will not be able to use the updatemem program to update the bitstream with new data for the EEG_Signal_Processing_i/smartconnect_0/inst/s00_nodes/s00_w_node/inst/inst_mi_handler/gen_normal_area.inst_fifo_node_payld/gen_xpm_memory_fifo.inst_fifo/gen_mem_rep[0].inst_xpm_memory/xpm_memory_base_inst block.
INFO: [Memdata 28-167] Found XPM memory block EEG_Signal_Processing_i/smartconnect_0/inst/s00_nodes/s00_w_node/inst/inst_mi_handler/gen_normal_area.gen_fifo_req.inst_fifo_req/gen_xpm_memory_fifo.inst_fifo/gen_mem_rep[0].inst_xpm_memory/xpm_memory_base_inst with a P_MEMORY_PRIMITIVE property set to distributed. A value of block is required. You will not be able to use the updatemem program to update the bitstream with new data for the EEG_Signal_Processing_i/smartconnect_0/inst/s00_nodes/s00_w_node/inst/inst_mi_handler/gen_normal_area.gen_fifo_req.inst_fifo_req/gen_xpm_memory_fifo.inst_fifo/gen_mem_rep[0].inst_xpm_memory/xpm_memory_base_inst block.
INFO: [Memdata 28-167] Found XPM memory block EEG_Signal_Processing_i/smartconnect_0/inst/s00_nodes/s00_r_node/inst/inst_mi_handler/gen_normal_area.inst_fifo_node_payld/gen_xpm_memory_fifo.inst_fifo/gen_mem_rep[0].inst_xpm_memory/xpm_memory_base_inst with a P_MEMORY_PRIMITIVE property set to distributed. A value of block is required. You will not be able to use the updatemem program to update the bitstream with new data for the EEG_Signal_Processing_i/smartconnect_0/inst/s00_nodes/s00_r_node/inst/inst_mi_handler/gen_normal_area.inst_fifo_node_payld/gen_xpm_memory_fifo.inst_fifo/gen_mem_rep[0].inst_xpm_memory/xpm_memory_base_inst block.
INFO: [Memdata 28-167] Found XPM memory block EEG_Signal_Processing_i/smartconnect_0/inst/s00_nodes/s00_b_node/inst/inst_mi_handler/gen_normal_area.inst_fifo_node_payld/gen_xpm_memory_fifo.inst_fifo/gen_mem_rep[0].inst_xpm_memory/xpm_memory_base_inst with a P_MEMORY_PRIMITIVE property set to distributed. A value of block is required. You will not be able to use the updatemem program to update the bitstream with new data for the EEG_Signal_Processing_i/smartconnect_0/inst/s00_nodes/s00_b_node/inst/inst_mi_handler/gen_normal_area.inst_fifo_node_payld/gen_xpm_memory_fifo.inst_fifo/gen_mem_rep[0].inst_xpm_memory/xpm_memory_base_inst block.
INFO: [Memdata 28-167] Found XPM memory block EEG_Signal_Processing_i/smartconnect_0/inst/s00_nodes/s00_aw_node/inst/inst_mi_handler/gen_normal_area.inst_fifo_node_payld/gen_xpm_memory_fifo.inst_fifo/gen_mem_rep[0].inst_xpm_memory/xpm_memory_base_inst with a P_MEMORY_PRIMITIVE property set to distributed. A value of block is required. You will not be able to use the updatemem program to update the bitstream with new data for the EEG_Signal_Processing_i/smartconnect_0/inst/s00_nodes/s00_aw_node/inst/inst_mi_handler/gen_normal_area.inst_fifo_node_payld/gen_xpm_memory_fifo.inst_fifo/gen_mem_rep[0].inst_xpm_memory/xpm_memory_base_inst block.
INFO: [Memdata 28-167] Found XPM memory block EEG_Signal_Processing_i/smartconnect_0/inst/s00_nodes/s00_aw_node/inst/inst_mi_handler/gen_normal_area.gen_fifo_req.inst_fifo_req/gen_xpm_memory_fifo.inst_fifo/gen_mem_rep[0].inst_xpm_memory/xpm_memory_base_inst with a P_MEMORY_PRIMITIVE property set to distributed. A value of block is required. You will not be able to use the updatemem program to update the bitstream with new data for the EEG_Signal_Processing_i/smartconnect_0/inst/s00_nodes/s00_aw_node/inst/inst_mi_handler/gen_normal_area.gen_fifo_req.inst_fifo_req/gen_xpm_memory_fifo.inst_fifo/gen_mem_rep[0].inst_xpm_memory/xpm_memory_base_inst block.
INFO: [Memdata 28-167] Found XPM memory block EEG_Signal_Processing_i/smartconnect_0/inst/s00_nodes/s00_ar_node/inst/inst_mi_handler/gen_normal_area.inst_fifo_node_payld/gen_xpm_memory_fifo.inst_fifo/gen_mem_rep[0].inst_xpm_memory/xpm_memory_base_inst with a P_MEMORY_PRIMITIVE property set to distributed. A value of block is required. You will not be able to use the updatemem program to update the bitstream with new data for the EEG_Signal_Processing_i/smartconnect_0/inst/s00_nodes/s00_ar_node/inst/inst_mi_handler/gen_normal_area.inst_fifo_node_payld/gen_xpm_memory_fifo.inst_fifo/gen_mem_rep[0].inst_xpm_memory/xpm_memory_base_inst block.
INFO: [Memdata 28-167] Found XPM memory block EEG_Signal_Processing_i/smartconnect_0/inst/s00_nodes/s00_ar_node/inst/inst_mi_handler/gen_normal_area.gen_fifo_req.inst_fifo_req/gen_xpm_memory_fifo.inst_fifo/gen_mem_rep[0].inst_xpm_memory/xpm_memory_base_inst with a P_MEMORY_PRIMITIVE property set to distributed. A value of block is required. You will not be able to use the updatemem program to update the bitstream with new data for the EEG_Signal_Processing_i/smartconnect_0/inst/s00_nodes/s00_ar_node/inst/inst_mi_handler/gen_normal_area.gen_fifo_req.inst_fifo_req/gen_xpm_memory_fifo.inst_fifo/gen_mem_rep[0].inst_xpm_memory/xpm_memory_base_inst block.
INFO: [Memdata 28-167] Found XPM memory block EEG_Signal_Processing_i/smartconnect_0/inst/m00_nodes/m00_w_node/inst/inst_si_handler/gen_si_handler.gen_request_fifos.gen_req_fifo[0].inst_req_fifo/gen_xpm_memory_fifo.inst_fifo/gen_mem_rep[0].inst_xpm_memory/xpm_memory_base_inst with a P_MEMORY_PRIMITIVE property set to distributed. A value of block is required. You will not be able to use the updatemem program to update the bitstream with new data for the EEG_Signal_Processing_i/smartconnect_0/inst/m00_nodes/m00_w_node/inst/inst_si_handler/gen_si_handler.gen_request_fifos.gen_req_fifo[0].inst_req_fifo/gen_xpm_memory_fifo.inst_fifo/gen_mem_rep[0].inst_xpm_memory/xpm_memory_base_inst block.
INFO: [Memdata 28-167] Found XPM memory block EEG_Signal_Processing_i/smartconnect_0/inst/m00_nodes/m00_w_node/inst/inst_mi_handler/gen_normal_area.inst_fifo_node_payld/gen_xpm_memory_fifo.inst_fifo/gen_mem_rep[0].inst_xpm_memory/xpm_memory_base_inst with a P_MEMORY_PRIMITIVE property set to distributed. A value of block is required. You will not be able to use the updatemem program to update the bitstream with new data for the EEG_Signal_Processing_i/smartconnect_0/inst/m00_nodes/m00_w_node/inst/inst_mi_handler/gen_normal_area.inst_fifo_node_payld/gen_xpm_memory_fifo.inst_fifo/gen_mem_rep[0].inst_xpm_memory/xpm_memory_base_inst block.
INFO: [Memdata 28-167] Found XPM memory block EEG_Signal_Processing_i/smartconnect_0/inst/m00_nodes/m00_r_node/inst/inst_mi_handler/gen_normal_area.inst_fifo_node_payld/gen_xpm_memory_fifo.inst_fifo/gen_mem_rep[0].inst_xpm_memory/xpm_memory_base_inst with a P_MEMORY_PRIMITIVE property set to distributed. A value of block is required. You will not be able to use the updatemem program to update the bitstream with new data for the EEG_Signal_Processing_i/smartconnect_0/inst/m00_nodes/m00_r_node/inst/inst_mi_handler/gen_normal_area.inst_fifo_node_payld/gen_xpm_memory_fifo.inst_fifo/gen_mem_rep[0].inst_xpm_memory/xpm_memory_base_inst block.
INFO: [Memdata 28-167] Found XPM memory block EEG_Signal_Processing_i/smartconnect_0/inst/m00_nodes/m00_r_node/inst/inst_mi_handler/gen_normal_area.gen_fifo_req.inst_fifo_req/gen_xpm_memory_fifo.inst_fifo/gen_mem_rep[0].inst_xpm_memory/xpm_memory_base_inst with a P_MEMORY_PRIMITIVE property set to distributed. A value of block is required. You will not be able to use the updatemem program to update the bitstream with new data for the EEG_Signal_Processing_i/smartconnect_0/inst/m00_nodes/m00_r_node/inst/inst_mi_handler/gen_normal_area.gen_fifo_req.inst_fifo_req/gen_xpm_memory_fifo.inst_fifo/gen_mem_rep[0].inst_xpm_memory/xpm_memory_base_inst block.
INFO: [Memdata 28-167] Found XPM memory block EEG_Signal_Processing_i/smartconnect_0/inst/m00_nodes/m00_b_node/inst/inst_mi_handler/gen_normal_area.inst_fifo_node_payld/gen_xpm_memory_fifo.inst_fifo/gen_mem_rep[0].inst_xpm_memory/xpm_memory_base_inst with a P_MEMORY_PRIMITIVE property set to distributed. A value of block is required. You will not be able to use the updatemem program to update the bitstream with new data for the EEG_Signal_Processing_i/smartconnect_0/inst/m00_nodes/m00_b_node/inst/inst_mi_handler/gen_normal_area.inst_fifo_node_payld/gen_xpm_memory_fifo.inst_fifo/gen_mem_rep[0].inst_xpm_memory/xpm_memory_base_inst block.
INFO: [Memdata 28-167] Found XPM memory block EEG_Signal_Processing_i/smartconnect_0/inst/m00_nodes/m00_b_node/inst/inst_mi_handler/gen_normal_area.gen_fifo_req.inst_fifo_req/gen_xpm_memory_fifo.inst_fifo/gen_mem_rep[0].inst_xpm_memory/xpm_memory_base_inst with a P_MEMORY_PRIMITIVE property set to distributed. A value of block is required. You will not be able to use the updatemem program to update the bitstream with new data for the EEG_Signal_Processing_i/smartconnect_0/inst/m00_nodes/m00_b_node/inst/inst_mi_handler/gen_normal_area.gen_fifo_req.inst_fifo_req/gen_xpm_memory_fifo.inst_fifo/gen_mem_rep[0].inst_xpm_memory/xpm_memory_base_inst block.
INFO: [Memdata 28-167] Found XPM memory block EEG_Signal_Processing_i/smartconnect_0/inst/m00_nodes/m00_aw_node/inst/inst_mi_handler/gen_normal_area.inst_fifo_node_payld/gen_xpm_memory_fifo.inst_fifo/gen_mem_rep[0].inst_xpm_memory/xpm_memory_base_inst with a P_MEMORY_PRIMITIVE property set to distributed. A value of block is required. You will not be able to use the updatemem program to update the bitstream with new data for the EEG_Signal_Processing_i/smartconnect_0/inst/m00_nodes/m00_aw_node/inst/inst_mi_handler/gen_normal_area.inst_fifo_node_payld/gen_xpm_memory_fifo.inst_fifo/gen_mem_rep[0].inst_xpm_memory/xpm_memory_base_inst block.
INFO: [Memdata 28-167] Found XPM memory block EEG_Signal_Processing_i/smartconnect_0/inst/m00_nodes/m00_ar_node/inst/inst_mi_handler/gen_normal_area.inst_fifo_node_payld/gen_xpm_memory_fifo.inst_fifo/gen_mem_rep[0].inst_xpm_memory/xpm_memory_base_inst with a P_MEMORY_PRIMITIVE property set to distributed. A value of block is required. You will not be able to use the updatemem program to update the bitstream with new data for the EEG_Signal_Processing_i/smartconnect_0/inst/m00_nodes/m00_ar_node/inst/inst_mi_handler/gen_normal_area.inst_fifo_node_payld/gen_xpm_memory_fifo.inst_fifo/gen_mem_rep[0].inst_xpm_memory/xpm_memory_base_inst block.
Command: write_bitstream -force EEG_Signal_Processing_wrapper.bit
Attempting to get a license for feature 'Implementation' and/or device 'xck24'
INFO: [Common 17-349] Got license for feature 'Implementation' and/or device 'xck24'
Running DRC as a precondition to command write_bitstream
INFO: [IP_Flow 19-1839] IP Catalog is up to date.
INFO: [DRC 23-27] Running DRC with 8 threads
INFO: [Vivado 12-3199] DRC finished with 0 Errors
INFO: [Vivado 12-3200] Please refer to the DRC report (report_drc) for more information.
INFO: [Designutils 20-2272] Running write_bitstream with 8 threads.
Loading data files...
Loading site data...
Loading route data...
Processing options...
Creating bitmap...
Creating bitstream...
Writing bitstream ./EEG_Signal_Processing_wrapper.bit...
INFO: [Vivado 12-1842] Bitgen Completed Successfully.
INFO: [Project 1-1876] WebTalk data collection is mandatory when using a ULT device. To see the specific WebTalk data collected for your design, open the usage_statistics_webtalk.html or usage_statistics_webtalk.xml file in the implementation directory.
INFO: [Common 17-83] Releasing license: Implementation
154 Infos, 1 Warnings, 0 Critical Warnings and 0 Errors encountered.
write_bitstream completed successfully
write_bitstream: Time (s): cpu = 00:00:09 ; elapsed = 00:00:14 . Memory (MB): peak = 4634.625 ; gain = 0.000 ; free physical = 274 ; free virtual = 5695
INFO: [Common 17-206] Exiting Vivado at Sun Mar 29 08:52:57 2026...
