Copyright 1986-2022 Xilinx, Inc. All Rights Reserved. Copyright 2022-2024 Advanced Micro Devices, Inc. All Rights Reserved.
---------------------------------------------------------------------------------------------------------------------------------------------
| Tool Version : Vivado v.2024.2 (lin64) Build 5239630 Fri Nov 08 22:34:34 MST 2024
| Date         : Fri Mar 27 17:25:27 2026
| Host         : dragonlord-Legion-5-15ARH7H running 64-bit Ubuntu 24.04.4 LTS
| Command      : upgrade_ip
| Device       : xck24-ubva530-2LV-c
---------------------------------------------------------------------------------------------------------------------------------------------

Upgrade Log for IP 'signal_receiver_kd240_eeg_top_0_1'

1. Summary
----------

SUCCESS in the update of signal_receiver_kd240_eeg_top_0_1 (user.org:user:kd240_eeg_top:1.0 (Rev. 3)) to current project options.






Copyright 1986-2022 Xilinx, Inc. All Rights Reserved. Copyright 2022-2024 Advanced Micro Devices, Inc. All Rights Reserved.
---------------------------------------------------------------------------------------------------------------------------------------------
| Tool Version : Vivado v.2024.2 (lin64) Build 5239630 Fri Nov 08 22:34:34 MST 2024
| Date         : Fri Mar 27 17:24:36 2026
| Host         : dragonlord-Legion-5-15ARH7H running 64-bit Ubuntu 24.04.4 LTS
| Command      : upgrade_ip
| Device       : xck24-ubva530-2LV-c
---------------------------------------------------------------------------------------------------------------------------------------------

Upgrade Log for IP 'signal_receiver_kd240_eeg_top_0_1'

1. Summary
----------

SUCCESS in the upgrade of signal_receiver_kd240_eeg_top_0_1 (user.org:user:kd240_eeg_top:1.0) from (Rev. 2) to (Rev. 3)

