
*** Running vivado
    with args -log EEG_Signal_Processing_wrapper.vds -m64 -product Vivado -mode batch -messageDb vivado.pb -notrace -source EEG_Signal_Processing_wrapper.tcl


****** Vivado v2024.2 (64-bit)
  **** SW Build 5239630 on Fri Nov 08 22:34:34 MST 2024
  **** IP Build 5239520 on Sun Nov 10 16:12:51 MST 2024
  **** SharedData Build 5239561 on Fri Nov 08 14:39:27 MST 2024
  **** Start of session at: Sun Mar 29 08:50:53 2026
    ** Copyright 1986-2022 Xilinx, Inc. All Rights Reserved.
    ** Copyright 2022-2024 Advanced Micro Devices, Inc. All Rights Reserved.

source EEG_Signal_Processing_wrapper.tcl -notrace
INFO: [IP_Flow 19-234] Refreshing IP repositories
INFO: [IP_Flow 19-1700] Loaded user IP repository '/home/dragonlord/Desktop/EEG_Signal_Processing'.
WARNING: [IP_Flow 19-3656] If you move the project, the path for repository '/home/dragonlord/Desktop/EEG_Signal_Processing' may become invalid. A better location for the repository would be in a path adjacent to the project. (Current project location is '/home/dragonlord/Desktop/EEG_Signal_Processing/EEG_Signal_Processing.runs/synth_1'.)
INFO: [IP_Flow 19-1700] Loaded user IP repository '/home/dragonlord/vivado-library'.
INFO: [IP_Flow 19-2313] Loaded Vivado IP repository '/home/dragonlord/xilinx/Vivado/2024.2/data/ip'.
Command: read_checkpoint -auto_incremental -incremental /home/dragonlord/Desktop/EEG_Signal_Processing/EEG_Signal_Processing.srcs/utils_1/imports/synth_1/kd240_eeg_top.dcp
INFO: [Vivado 12-5825] Read reference checkpoint from /home/dragonlord/Desktop/EEG_Signal_Processing/EEG_Signal_Processing.srcs/utils_1/imports/synth_1/kd240_eeg_top.dcp for incremental synthesis
INFO: [Vivado 12-7989] Please ensure there are no constraint changes
Command: synth_design -top EEG_Signal_Processing_wrapper -part xck24-ubva530-2LV-c
Starting synth_design
Attempting to get a license for feature 'Synthesis' and/or device 'xck24'
INFO: [Common 17-349] Got license for feature 'Synthesis' and/or device 'xck24'
INFO: [Device 21-403] Loading part xck24-ubva530-2LV-c
INFO: [Designutils 20-5440] No compile time benefit to using incremental synthesis; A full resynthesis will be run
INFO: [Designutils 20-4379] Flow is switching to default flow due to incremental criteria not met. If you would like to alter this behaviour and have the flow terminate instead, please set the following parameter config_implementation {autoIncr.Synth.RejectBehavior Terminate}
INFO: [Synth 8-7079] Multithreading enabled for synth_design using a maximum of 7 processes.
INFO: [Synth 8-7078] Launching helper process for spawning children vivado processes
INFO: [Synth 8-7075] Helper process launched with PID 15866
---------------------------------------------------------------------------------
Starting RTL Elaboration : Time (s): cpu = 00:00:02 ; elapsed = 00:00:03 . Memory (MB): peak = 2427.199 ; gain = 124.688 ; free physical = 177 ; free virtual = 7014
---------------------------------------------------------------------------------
INFO: [Synth 8-6157] synthesizing module 'EEG_Signal_Processing_wrapper' [/home/dragonlord/Desktop/EEG_Signal_Processing/EEG_Signal_Processing.srcs/sources_1/imports/hdl/EEG_Signal_Processing_wrapper.v:13]
INFO: [Synth 8-6157] synthesizing module 'EEG_Signal_Processing' [/home/dragonlord/Desktop/EEG_Signal_Processing/EEG_Signal_Processing.gen/sources_1/bd/EEG_Signal_Processing/synth/EEG_Signal_Processing.v:13]
INFO: [Synth 8-6157] synthesizing module 'EEG_Signal_Processing_axi_iic_0_0' [/home/dragonlord/Desktop/EEG_Signal_Processing/EEG_Signal_Processing.runs/synth_1/.Xil/Vivado-15812-dragonlord-Legion-5-15ARH7H/realtime/EEG_Signal_Processing_axi_iic_0_0_stub.v:6]
INFO: [Synth 8-6155] done synthesizing module 'EEG_Signal_Processing_axi_iic_0_0' (0#1) [/home/dragonlord/Desktop/EEG_Signal_Processing/EEG_Signal_Processing.runs/synth_1/.Xil/Vivado-15812-dragonlord-Legion-5-15ARH7H/realtime/EEG_Signal_Processing_axi_iic_0_0_stub.v:6]
WARNING: [Synth 8-7071] port 'gpo' of module 'EEG_Signal_Processing_axi_iic_0_0' is unconnected for instance 'axi_iic_0' [/home/dragonlord/Desktop/EEG_Signal_Processing/EEG_Signal_Processing.gen/sources_1/bd/EEG_Signal_Processing/synth/EEG_Signal_Processing.v:130]
WARNING: [Synth 8-7023] instance 'axi_iic_0' of module 'EEG_Signal_Processing_axi_iic_0_0' has 27 connections declared, but only 26 given [/home/dragonlord/Desktop/EEG_Signal_Processing/EEG_Signal_Processing.gen/sources_1/bd/EEG_Signal_Processing/synth/EEG_Signal_Processing.v:130]
INFO: [Synth 8-6157] synthesizing module 'EEG_Signal_Processing_proc_sys_reset_0_0' [/home/dragonlord/Desktop/EEG_Signal_Processing/EEG_Signal_Processing.runs/synth_1/.Xil/Vivado-15812-dragonlord-Legion-5-15ARH7H/realtime/EEG_Signal_Processing_proc_sys_reset_0_0_stub.v:6]
INFO: [Synth 8-6155] done synthesizing module 'EEG_Signal_Processing_proc_sys_reset_0_0' (0#1) [/home/dragonlord/Desktop/EEG_Signal_Processing/EEG_Signal_Processing.runs/synth_1/.Xil/Vivado-15812-dragonlord-Legion-5-15ARH7H/realtime/EEG_Signal_Processing_proc_sys_reset_0_0_stub.v:6]
WARNING: [Synth 8-7071] port 'mb_reset' of module 'EEG_Signal_Processing_proc_sys_reset_0_0' is unconnected for instance 'proc_sys_reset_0' [/home/dragonlord/Desktop/EEG_Signal_Processing/EEG_Signal_Processing.gen/sources_1/bd/EEG_Signal_Processing/synth/EEG_Signal_Processing.v:157]
WARNING: [Synth 8-7071] port 'bus_struct_reset' of module 'EEG_Signal_Processing_proc_sys_reset_0_0' is unconnected for instance 'proc_sys_reset_0' [/home/dragonlord/Desktop/EEG_Signal_Processing/EEG_Signal_Processing.gen/sources_1/bd/EEG_Signal_Processing/synth/EEG_Signal_Processing.v:157]
WARNING: [Synth 8-7071] port 'peripheral_reset' of module 'EEG_Signal_Processing_proc_sys_reset_0_0' is unconnected for instance 'proc_sys_reset_0' [/home/dragonlord/Desktop/EEG_Signal_Processing/EEG_Signal_Processing.gen/sources_1/bd/EEG_Signal_Processing/synth/EEG_Signal_Processing.v:157]
WARNING: [Synth 8-7071] port 'interconnect_aresetn' of module 'EEG_Signal_Processing_proc_sys_reset_0_0' is unconnected for instance 'proc_sys_reset_0' [/home/dragonlord/Desktop/EEG_Signal_Processing/EEG_Signal_Processing.gen/sources_1/bd/EEG_Signal_Processing/synth/EEG_Signal_Processing.v:157]
WARNING: [Synth 8-7023] instance 'proc_sys_reset_0' of module 'EEG_Signal_Processing_proc_sys_reset_0_0' has 10 connections declared, but only 6 given [/home/dragonlord/Desktop/EEG_Signal_Processing/EEG_Signal_Processing.gen/sources_1/bd/EEG_Signal_Processing/synth/EEG_Signal_Processing.v:157]
INFO: [Synth 8-6157] synthesizing module 'EEG_Signal_Processing_smartconnect_0_0' [/home/dragonlord/Desktop/EEG_Signal_Processing/EEG_Signal_Processing.runs/synth_1/.Xil/Vivado-15812-dragonlord-Legion-5-15ARH7H/realtime/EEG_Signal_Processing_smartconnect_0_0_stub.v:6]
INFO: [Synth 8-6155] done synthesizing module 'EEG_Signal_Processing_smartconnect_0_0' (0#1) [/home/dragonlord/Desktop/EEG_Signal_Processing/EEG_Signal_Processing.runs/synth_1/.Xil/Vivado-15812-dragonlord-Legion-5-15ARH7H/realtime/EEG_Signal_Processing_smartconnect_0_0_stub.v:6]
WARNING: [Synth 8-7071] port 'S01_AXI_awready' of module 'EEG_Signal_Processing_smartconnect_0_0' is unconnected for instance 'smartconnect_0' [/home/dragonlord/Desktop/EEG_Signal_Processing/EEG_Signal_Processing.gen/sources_1/bd/EEG_Signal_Processing/synth/EEG_Signal_Processing.v:164]
WARNING: [Synth 8-7071] port 'S01_AXI_wready' of module 'EEG_Signal_Processing_smartconnect_0_0' is unconnected for instance 'smartconnect_0' [/home/dragonlord/Desktop/EEG_Signal_Processing/EEG_Signal_Processing.gen/sources_1/bd/EEG_Signal_Processing/synth/EEG_Signal_Processing.v:164]
WARNING: [Synth 8-7071] port 'S01_AXI_bresp' of module 'EEG_Signal_Processing_smartconnect_0_0' is unconnected for instance 'smartconnect_0' [/home/dragonlord/Desktop/EEG_Signal_Processing/EEG_Signal_Processing.gen/sources_1/bd/EEG_Signal_Processing/synth/EEG_Signal_Processing.v:164]
WARNING: [Synth 8-7071] port 'S01_AXI_bvalid' of module 'EEG_Signal_Processing_smartconnect_0_0' is unconnected for instance 'smartconnect_0' [/home/dragonlord/Desktop/EEG_Signal_Processing/EEG_Signal_Processing.gen/sources_1/bd/EEG_Signal_Processing/synth/EEG_Signal_Processing.v:164]
WARNING: [Synth 8-7071] port 'M00_AXI_awprot' of module 'EEG_Signal_Processing_smartconnect_0_0' is unconnected for instance 'smartconnect_0' [/home/dragonlord/Desktop/EEG_Signal_Processing/EEG_Signal_Processing.gen/sources_1/bd/EEG_Signal_Processing/synth/EEG_Signal_Processing.v:164]
WARNING: [Synth 8-7071] port 'M00_AXI_arprot' of module 'EEG_Signal_Processing_smartconnect_0_0' is unconnected for instance 'smartconnect_0' [/home/dragonlord/Desktop/EEG_Signal_Processing/EEG_Signal_Processing.gen/sources_1/bd/EEG_Signal_Processing/synth/EEG_Signal_Processing.v:164]
WARNING: [Synth 8-7023] instance 'smartconnect_0' of module 'EEG_Signal_Processing_smartconnect_0_0' has 113 connections declared, but only 107 given [/home/dragonlord/Desktop/EEG_Signal_Processing/EEG_Signal_Processing.gen/sources_1/bd/EEG_Signal_Processing/synth/EEG_Signal_Processing.v:164]
INFO: [Synth 8-6157] synthesizing module 'EEG_Signal_Processing_zynq_ultra_ps_e_0_0' [/home/dragonlord/Desktop/EEG_Signal_Processing/EEG_Signal_Processing.runs/synth_1/.Xil/Vivado-15812-dragonlord-Legion-5-15ARH7H/realtime/EEG_Signal_Processing_zynq_ultra_ps_e_0_0_stub.v:6]
INFO: [Synth 8-6155] done synthesizing module 'EEG_Signal_Processing_zynq_ultra_ps_e_0_0' (0#1) [/home/dragonlord/Desktop/EEG_Signal_Processing/EEG_Signal_Processing.runs/synth_1/.Xil/Vivado-15812-dragonlord-Legion-5-15ARH7H/realtime/EEG_Signal_Processing_zynq_ultra_ps_e_0_0_stub.v:6]
WARNING: [Synth 8-7071] port 'saxigp2_bid' of module 'EEG_Signal_Processing_zynq_ultra_ps_e_0_0' is unconnected for instance 'zynq_ultra_ps_e_0' [/home/dragonlord/Desktop/EEG_Signal_Processing/EEG_Signal_Processing.gen/sources_1/bd/EEG_Signal_Processing/synth/EEG_Signal_Processing.v:272]
WARNING: [Synth 8-7071] port 'saxigp2_rid' of module 'EEG_Signal_Processing_zynq_ultra_ps_e_0_0' is unconnected for instance 'zynq_ultra_ps_e_0' [/home/dragonlord/Desktop/EEG_Signal_Processing/EEG_Signal_Processing.gen/sources_1/bd/EEG_Signal_Processing/synth/EEG_Signal_Processing.v:272]
WARNING: [Synth 8-7023] instance 'zynq_ultra_ps_e_0' of module 'EEG_Signal_Processing_zynq_ultra_ps_e_0_0' has 83 connections declared, but only 81 given [/home/dragonlord/Desktop/EEG_Signal_Processing/EEG_Signal_Processing.gen/sources_1/bd/EEG_Signal_Processing/synth/EEG_Signal_Processing.v:272]
INFO: [Synth 8-6155] done synthesizing module 'EEG_Signal_Processing' (0#1) [/home/dragonlord/Desktop/EEG_Signal_Processing/EEG_Signal_Processing.gen/sources_1/bd/EEG_Signal_Processing/synth/EEG_Signal_Processing.v:13]
INFO: [Synth 8-6157] synthesizing module 'IOBUF' [/home/dragonlord/xilinx/Vivado/2024.2/scripts/rt/data/unisim_comp.v:80391]
INFO: [Synth 8-6155] done synthesizing module 'IOBUF' (0#1) [/home/dragonlord/xilinx/Vivado/2024.2/scripts/rt/data/unisim_comp.v:80391]
INFO: [Synth 8-6155] done synthesizing module 'EEG_Signal_Processing_wrapper' (0#1) [/home/dragonlord/Desktop/EEG_Signal_Processing/EEG_Signal_Processing.srcs/sources_1/imports/hdl/EEG_Signal_Processing_wrapper.v:13]
---------------------------------------------------------------------------------
Finished RTL Elaboration : Time (s): cpu = 00:00:03 ; elapsed = 00:00:03 . Memory (MB): peak = 2504.137 ; gain = 201.625 ; free physical = 216 ; free virtual = 7018
---------------------------------------------------------------------------------
---------------------------------------------------------------------------------
Start Handling Custom Attributes
---------------------------------------------------------------------------------
---------------------------------------------------------------------------------
Finished Handling Custom Attributes : Time (s): cpu = 00:00:03 ; elapsed = 00:00:04 . Memory (MB): peak = 2504.137 ; gain = 201.625 ; free physical = 216 ; free virtual = 7018
---------------------------------------------------------------------------------
---------------------------------------------------------------------------------
Finished RTL Optimization Phase 1 : Time (s): cpu = 00:00:03 ; elapsed = 00:00:04 . Memory (MB): peak = 2504.137 ; gain = 201.625 ; free physical = 216 ; free virtual = 7018
---------------------------------------------------------------------------------
Netlist sorting complete. Time (s): cpu = 00:00:00.01 ; elapsed = 00:00:00.01 . Memory (MB): peak = 2515.105 ; gain = 0.000 ; free physical = 215 ; free virtual = 7016
INFO: [Netlist 29-17] Analyzing 2 Unisim elements for replacement
INFO: [Netlist 29-28] Unisim Transformation completed in 0 CPU seconds
INFO: [Project 1-570] Preparing netlist for logic optimization

Processing XDC Constraints
Initializing timing engine
Parsing XDC File [/home/dragonlord/Desktop/EEG_Signal_Processing/EEG_Signal_Processing.gen/sources_1/bd/EEG_Signal_Processing/ip/EEG_Signal_Processing_zynq_ultra_ps_e_0_0/EEG_Signal_Processing_zynq_ultra_ps_e_0_0/EEG_Signal_Processing_zynq_ultra_ps_e_0_0_in_context.xdc] for cell 'EEG_Signal_Processing_i/zynq_ultra_ps_e_0'
Finished Parsing XDC File [/home/dragonlord/Desktop/EEG_Signal_Processing/EEG_Signal_Processing.gen/sources_1/bd/EEG_Signal_Processing/ip/EEG_Signal_Processing_zynq_ultra_ps_e_0_0/EEG_Signal_Processing_zynq_ultra_ps_e_0_0/EEG_Signal_Processing_zynq_ultra_ps_e_0_0_in_context.xdc] for cell 'EEG_Signal_Processing_i/zynq_ultra_ps_e_0'
Parsing XDC File [/home/dragonlord/Desktop/EEG_Signal_Processing/EEG_Signal_Processing.gen/sources_1/bd/EEG_Signal_Processing/ip/EEG_Signal_Processing_proc_sys_reset_0_0/EEG_Signal_Processing_proc_sys_reset_0_0/signal_receiver_proc_sys_reset_0_0_in_context.xdc] for cell 'EEG_Signal_Processing_i/proc_sys_reset_0'
Finished Parsing XDC File [/home/dragonlord/Desktop/EEG_Signal_Processing/EEG_Signal_Processing.gen/sources_1/bd/EEG_Signal_Processing/ip/EEG_Signal_Processing_proc_sys_reset_0_0/EEG_Signal_Processing_proc_sys_reset_0_0/signal_receiver_proc_sys_reset_0_0_in_context.xdc] for cell 'EEG_Signal_Processing_i/proc_sys_reset_0'
Parsing XDC File [/home/dragonlord/Desktop/EEG_Signal_Processing/EEG_Signal_Processing.gen/sources_1/bd/EEG_Signal_Processing/ip/EEG_Signal_Processing_smartconnect_0_0/EEG_Signal_Processing_smartconnect_0_0/EEG_Signal_Processing_smartconnect_0_0_in_context.xdc] for cell 'EEG_Signal_Processing_i/smartconnect_0'
Finished Parsing XDC File [/home/dragonlord/Desktop/EEG_Signal_Processing/EEG_Signal_Processing.gen/sources_1/bd/EEG_Signal_Processing/ip/EEG_Signal_Processing_smartconnect_0_0/EEG_Signal_Processing_smartconnect_0_0/EEG_Signal_Processing_smartconnect_0_0_in_context.xdc] for cell 'EEG_Signal_Processing_i/smartconnect_0'
Parsing XDC File [/home/dragonlord/Desktop/EEG_Signal_Processing/EEG_Signal_Processing.gen/sources_1/bd/EEG_Signal_Processing/ip/EEG_Signal_Processing_axi_iic_0_0/EEG_Signal_Processing_axi_iic_0_0/signal_receiver_axi_iic_0_1_in_context.xdc] for cell 'EEG_Signal_Processing_i/axi_iic_0'
Finished Parsing XDC File [/home/dragonlord/Desktop/EEG_Signal_Processing/EEG_Signal_Processing.gen/sources_1/bd/EEG_Signal_Processing/ip/EEG_Signal_Processing_axi_iic_0_0/EEG_Signal_Processing_axi_iic_0_0/signal_receiver_axi_iic_0_1_in_context.xdc] for cell 'EEG_Signal_Processing_i/axi_iic_0'
Parsing XDC File [/home/dragonlord/Desktop/EEG_Signal_Processing/EEG_Signal_Processing.srcs/constrs_1/new/adc_port.xdc]
Finished Parsing XDC File [/home/dragonlord/Desktop/EEG_Signal_Processing/EEG_Signal_Processing.srcs/constrs_1/new/adc_port.xdc]
INFO: [Project 1-236] Implementation specific constraints were found while reading constraint file [/home/dragonlord/Desktop/EEG_Signal_Processing/EEG_Signal_Processing.srcs/constrs_1/new/adc_port.xdc]. These constraints will be ignored for synthesis but will be used in implementation. Impacted constraints are listed in the file [.Xil/EEG_Signal_Processing_wrapper_propImpl.xdc].
Resolution: To avoid this warning, move constraints listed in [.Xil/EEG_Signal_Processing_wrapper_propImpl.xdc] to another XDC file and exclude this new file from synthesis with the used_in_synthesis property (File Properties dialog in GUI) and re-run elaboration/synthesis.
Parsing XDC File [/home/dragonlord/Desktop/EEG_Signal_Processing/EEG_Signal_Processing.runs/synth_1/dont_touch.xdc]
Finished Parsing XDC File [/home/dragonlord/Desktop/EEG_Signal_Processing/EEG_Signal_Processing.runs/synth_1/dont_touch.xdc]
Completed Processing XDC Constraints

Netlist sorting complete. Time (s): cpu = 00:00:00 ; elapsed = 00:00:00.01 . Memory (MB): peak = 2562.125 ; gain = 0.000 ; free physical = 197 ; free virtual = 7011
INFO: [Project 1-111] Unisim Transformation Summary:
  A total of 2 instances were transformed.
  IOBUF => IOBUF (IBUFCTRL, INBUF, OBUFT): 2 instances

Constraint Validation Runtime : Time (s): cpu = 00:00:00 ; elapsed = 00:00:00 . Memory (MB): peak = 2562.125 ; gain = 0.000 ; free physical = 197 ; free virtual = 7011
INFO: [Designutils 20-5440] No compile time benefit to using incremental synthesis; A full resynthesis will be run
INFO: [Designutils 20-4379] Flow is switching to default flow due to incremental criteria not met. If you would like to alter this behaviour and have the flow terminate instead, please set the following parameter config_implementation {autoIncr.Synth.RejectBehavior Terminate}
---------------------------------------------------------------------------------
Finished Constraint Validation : Time (s): cpu = 00:00:10 ; elapsed = 00:00:10 . Memory (MB): peak = 2562.125 ; gain = 259.613 ; free physical = 206 ; free virtual = 7021
---------------------------------------------------------------------------------
---------------------------------------------------------------------------------
Start Loading Part and Timing Information
---------------------------------------------------------------------------------
Loading part: xck24-ubva530-2LV-c
INFO: [Synth 8-6742] Reading net delay rules and data
---------------------------------------------------------------------------------
Finished Loading Part and Timing Information : Time (s): cpu = 00:00:10 ; elapsed = 00:00:10 . Memory (MB): peak = 2570.129 ; gain = 267.617 ; free physical = 206 ; free virtual = 7021
---------------------------------------------------------------------------------
---------------------------------------------------------------------------------
Start Applying 'set_property' XDC Constraints
---------------------------------------------------------------------------------
Applied set_property KEEP_HIERARCHY = SOFT for EEG_Signal_Processing_i. (constraint file  auto generated constraint).
Applied set_property KEEP_HIERARCHY = SOFT for EEG_Signal_Processing_i/zynq_ultra_ps_e_0. (constraint file  auto generated constraint).
Applied set_property KEEP_HIERARCHY = SOFT for EEG_Signal_Processing_i/proc_sys_reset_0. (constraint file  auto generated constraint).
Applied set_property KEEP_HIERARCHY = SOFT for EEG_Signal_Processing_i/smartconnect_0. (constraint file  auto generated constraint).
Applied set_property KEEP_HIERARCHY = SOFT for EEG_Signal_Processing_i/axi_iic_0. (constraint file  auto generated constraint).
---------------------------------------------------------------------------------
Finished applying 'set_property' XDC Constraints : Time (s): cpu = 00:00:10 ; elapsed = 00:00:10 . Memory (MB): peak = 2570.129 ; gain = 267.617 ; free physical = 206 ; free virtual = 7021
---------------------------------------------------------------------------------
---------------------------------------------------------------------------------
Finished RTL Optimization Phase 2 : Time (s): cpu = 00:00:10 ; elapsed = 00:00:10 . Memory (MB): peak = 2570.129 ; gain = 267.617 ; free physical = 206 ; free virtual = 7022
---------------------------------------------------------------------------------
---------------------------------------------------------------------------------
Start RTL Component Statistics 
---------------------------------------------------------------------------------
Detailed RTL Component Info : 
---------------------------------------------------------------------------------
Finished RTL Component Statistics 
---------------------------------------------------------------------------------
---------------------------------------------------------------------------------
Start Part Resource Summary
---------------------------------------------------------------------------------
Part Resources:
DSPs: 360 (col length:72)
BRAMs: 432 (col length: RAMB18 72 RAMB36 36)
---------------------------------------------------------------------------------
Finished Part Resource Summary
---------------------------------------------------------------------------------
---------------------------------------------------------------------------------
Start Cross Boundary and Area Optimization
---------------------------------------------------------------------------------
WARNING: [Synth 8-7080] Parallel synthesis criteria is not met
---------------------------------------------------------------------------------
Finished Cross Boundary and Area Optimization : Time (s): cpu = 00:00:11 ; elapsed = 00:00:11 . Memory (MB): peak = 2570.129 ; gain = 267.617 ; free physical = 207 ; free virtual = 7024
---------------------------------------------------------------------------------
---------------------------------------------------------------------------------
Start Applying XDC Timing Constraints
---------------------------------------------------------------------------------
---------------------------------------------------------------------------------
Finished Applying XDC Timing Constraints : Time (s): cpu = 00:00:16 ; elapsed = 00:00:17 . Memory (MB): peak = 3192.008 ; gain = 889.496 ; free physical = 163 ; free virtual = 6788
---------------------------------------------------------------------------------
---------------------------------------------------------------------------------
Start Timing Optimization
---------------------------------------------------------------------------------
---------------------------------------------------------------------------------
Finished Timing Optimization : Time (s): cpu = 00:00:16 ; elapsed = 00:00:17 . Memory (MB): peak = 3192.008 ; gain = 889.496 ; free physical = 163 ; free virtual = 6788
---------------------------------------------------------------------------------
---------------------------------------------------------------------------------
Start Technology Mapping
---------------------------------------------------------------------------------
---------------------------------------------------------------------------------
Finished Technology Mapping : Time (s): cpu = 00:00:16 ; elapsed = 00:00:17 . Memory (MB): peak = 3202.023 ; gain = 899.512 ; free physical = 155 ; free virtual = 6780
---------------------------------------------------------------------------------
---------------------------------------------------------------------------------
Start IO Insertion
---------------------------------------------------------------------------------
---------------------------------------------------------------------------------
Start Flattening Before IO Insertion
---------------------------------------------------------------------------------
---------------------------------------------------------------------------------
Finished Flattening Before IO Insertion
---------------------------------------------------------------------------------
---------------------------------------------------------------------------------
Start Final Netlist Cleanup
---------------------------------------------------------------------------------
---------------------------------------------------------------------------------
Finished Final Netlist Cleanup
---------------------------------------------------------------------------------
---------------------------------------------------------------------------------
Finished IO Insertion : Time (s): cpu = 00:00:18 ; elapsed = 00:00:19 . Memory (MB): peak = 3363.836 ; gain = 1061.324 ; free physical = 164 ; free virtual = 6703
---------------------------------------------------------------------------------
---------------------------------------------------------------------------------
Start Renaming Generated Instances
---------------------------------------------------------------------------------
---------------------------------------------------------------------------------
Finished Renaming Generated Instances : Time (s): cpu = 00:00:18 ; elapsed = 00:00:19 . Memory (MB): peak = 3363.836 ; gain = 1061.324 ; free physical = 164 ; free virtual = 6703
---------------------------------------------------------------------------------
---------------------------------------------------------------------------------
Start Rebuilding User Hierarchy
---------------------------------------------------------------------------------
---------------------------------------------------------------------------------
Finished Rebuilding User Hierarchy : Time (s): cpu = 00:00:18 ; elapsed = 00:00:19 . Memory (MB): peak = 3363.836 ; gain = 1061.324 ; free physical = 164 ; free virtual = 6703
---------------------------------------------------------------------------------
---------------------------------------------------------------------------------
Start Renaming Generated Ports
---------------------------------------------------------------------------------
---------------------------------------------------------------------------------
Finished Renaming Generated Ports : Time (s): cpu = 00:00:18 ; elapsed = 00:00:19 . Memory (MB): peak = 3363.836 ; gain = 1061.324 ; free physical = 164 ; free virtual = 6703
---------------------------------------------------------------------------------
---------------------------------------------------------------------------------
Start Handling Custom Attributes
---------------------------------------------------------------------------------
---------------------------------------------------------------------------------
Finished Handling Custom Attributes : Time (s): cpu = 00:00:18 ; elapsed = 00:00:19 . Memory (MB): peak = 3363.836 ; gain = 1061.324 ; free physical = 164 ; free virtual = 6703
---------------------------------------------------------------------------------
---------------------------------------------------------------------------------
Start Renaming Generated Nets
---------------------------------------------------------------------------------
---------------------------------------------------------------------------------
Finished Renaming Generated Nets : Time (s): cpu = 00:00:18 ; elapsed = 00:00:19 . Memory (MB): peak = 3363.836 ; gain = 1061.324 ; free physical = 164 ; free virtual = 6703
---------------------------------------------------------------------------------
---------------------------------------------------------------------------------
Start Writing Synthesis Report
---------------------------------------------------------------------------------

Report BlackBoxes: 
+------+------------------------------------------+----------+
|      |BlackBox name                             |Instances |
+------+------------------------------------------+----------+
|1     |EEG_Signal_Processing_axi_iic_0_0         |         1|
|2     |EEG_Signal_Processing_proc_sys_reset_0_0  |         1|
|3     |EEG_Signal_Processing_smartconnect_0_0    |         1|
|4     |EEG_Signal_Processing_zynq_ultra_ps_e_0_0 |         1|
+------+------------------------------------------+----------+

Report Cell Usage: 
+------+----------------------------------------+------+
|      |Cell                                    |Count |
+------+----------------------------------------+------+
|1     |EEG_Signal_Processing_axi_iic_0         |     1|
|2     |EEG_Signal_Processing_proc_sys_reset_0  |     1|
|3     |EEG_Signal_Processing_smartconnect_0    |     1|
|4     |EEG_Signal_Processing_zynq_ultra_ps_e_0 |     1|
|5     |IOBUF                                   |     2|
+------+----------------------------------------+------+
---------------------------------------------------------------------------------
Finished Writing Synthesis Report : Time (s): cpu = 00:00:18 ; elapsed = 00:00:19 . Memory (MB): peak = 3363.836 ; gain = 1061.324 ; free physical = 164 ; free virtual = 6703
---------------------------------------------------------------------------------
Synthesis finished with 0 errors, 0 critical warnings and 1 warnings.
Synthesis Optimization Runtime : Time (s): cpu = 00:00:15 ; elapsed = 00:00:15 . Memory (MB): peak = 3363.836 ; gain = 1003.336 ; free physical = 146 ; free virtual = 6685
Synthesis Optimization Complete : Time (s): cpu = 00:00:19 ; elapsed = 00:00:19 . Memory (MB): peak = 3363.836 ; gain = 1061.324 ; free physical = 146 ; free virtual = 6685
INFO: [Project 1-571] Translating synthesized netlist
Netlist sorting complete. Time (s): cpu = 00:00:00.01 ; elapsed = 00:00:00 . Memory (MB): peak = 3363.836 ; gain = 0.000 ; free physical = 157 ; free virtual = 6677
INFO: [Netlist 29-17] Analyzing 2 Unisim elements for replacement
INFO: [Netlist 29-28] Unisim Transformation completed in 0 CPU seconds
INFO: [Project 1-570] Preparing netlist for logic optimization
INFO: [Opt 31-138] Pushed 0 inverter(s) to 0 load pin(s).
Netlist sorting complete. Time (s): cpu = 00:00:00 ; elapsed = 00:00:00 . Memory (MB): peak = 3363.836 ; gain = 0.000 ; free physical = 315 ; free virtual = 6837
INFO: [Project 1-111] Unisim Transformation Summary:
  A total of 2 instances were transformed.
  IOBUF => IOBUF (IBUFCTRL, INBUF, OBUFT): 2 instances

Synth Design complete | Checksum: 5e9fc095
INFO: [Common 17-83] Releasing license: Synthesis
42 Infos, 19 Warnings, 0 Critical Warnings and 0 Errors encountered.
synth_design completed successfully
synth_design: Time (s): cpu = 00:00:25 ; elapsed = 00:00:24 . Memory (MB): peak = 3363.836 ; gain = 1920.418 ; free physical = 315 ; free virtual = 6836
INFO: [Common 17-2834] synth_design peak Physical Memory [PSS] (MB): overall = 2495.519; main = 2495.519; forked = 269.112
INFO: [Common 17-2834] synth_design peak Virtual Memory [VSS] (MB): overall = 3488.246; main = 3290.008; forked = 918.113
Write ShapeDB Complete: Time (s): cpu = 00:00:00 ; elapsed = 00:00:00 . Memory (MB): peak = 3363.836 ; gain = 0.000 ; free physical = 320 ; free virtual = 6842
INFO: [Common 17-1381] The checkpoint '/home/dragonlord/Desktop/EEG_Signal_Processing/EEG_Signal_Processing.runs/synth_1/EEG_Signal_Processing_wrapper.dcp' has been generated.
INFO: [Vivado 12-24828] Executing command : report_utilization -file EEG_Signal_Processing_wrapper_utilization_synth.rpt -pb EEG_Signal_Processing_wrapper_utilization_synth.pb
INFO: [Common 17-206] Exiting Vivado at Sun Mar 29 08:51:22 2026...
