Copyright 1986-2022 Xilinx, Inc. All Rights Reserved. Copyright 2022-2024 Advanced Micro Devices, Inc. All Rights Reserved.
-------------------------------------------------------------------------------------------------------------------------------------------------------
| Tool Version : Vivado v.2024.2 (lin64) Build 5239630 Fri Nov 08 22:34:34 MST 2024
| Date         : Sun Mar 29 08:52:26 2026
| Host         : dragonlord-Legion-5-15ARH7H running 64-bit Ubuntu 24.04.4 LTS
| Command      : report_utilization -file EEG_Signal_Processing_wrapper_utilization_placed.rpt -pb EEG_Signal_Processing_wrapper_utilization_placed.pb
| Design       : EEG_Signal_Processing_wrapper
| Device       : xck24-ubva530-2LV-c
| Speed File   : -2LV
| Design State : Fully Placed
-------------------------------------------------------------------------------------------------------------------------------------------------------

Utilization Design Information

Table of Contents
-----------------
1. CLB Logic
1.1 Summary of Registers by Type
2. CLB Logic Distribution
3. BLOCKRAM
4. ARITHMETIC
5. I/O
6. CLOCK
7. ADVANCED
8. CONFIGURATION
9. Primitives
10. Black Boxes
11. Instantiated Netlists

1. CLB Logic
------------

+----------------------------+------+-------+------------+-----------+-------+
|          Site Type         | Used | Fixed | Prohibited | Available | Util% |
+----------------------------+------+-------+------------+-----------+-------+
| CLB LUTs                   | 4151 |     0 |          0 |     70560 |  5.88 |
|   LUT as Logic             | 3223 |     0 |          0 |     70560 |  4.57 |
|   LUT as Memory            |  928 |     0 |          0 |     28800 |  3.22 |
|     LUT as Distributed RAM |  506 |     0 |            |           |       |
|     LUT as Shift Register  |  422 |     0 |            |           |       |
| CLB Registers              | 5209 |     0 |          0 |    141120 |  3.69 |
|   Register as Flip Flop    | 5209 |     0 |          0 |    141120 |  3.69 |
|   Register as Latch        |    0 |     0 |          0 |    141120 |  0.00 |
| CARRY8                     |    6 |     0 |          0 |      8820 |  0.07 |
| F7 Muxes                   |    8 |     0 |          0 |     35280 |  0.02 |
| F8 Muxes                   |    4 |     0 |          0 |     17640 |  0.02 |
| F9 Muxes                   |    0 |     0 |          0 |      8820 |  0.00 |
+----------------------------+------+-------+------------+-----------+-------+
* Warning! LUT value is adjusted to account for LUT combining.


1.1 Summary of Registers by Type
--------------------------------

+-------+--------------+-------------+--------------+
| Total | Clock Enable | Synchronous | Asynchronous |
+-------+--------------+-------------+--------------+
| 0     |            _ |           - |            - |
| 0     |            _ |           - |          Set |
| 0     |            _ |           - |        Reset |
| 0     |            _ |         Set |            - |
| 0     |            _ |       Reset |            - |
| 0     |          Yes |           - |            - |
| 0     |          Yes |           - |          Set |
| 45    |          Yes |           - |        Reset |
| 313   |          Yes |         Set |            - |
| 4851  |          Yes |       Reset |            - |
+-------+--------------+-------------+--------------+


2. CLB Logic Distribution
-------------------------

+--------------------------------------------+------+-------+------------+-----------+-------+
|                  Site Type                 | Used | Fixed | Prohibited | Available | Util% |
+--------------------------------------------+------+-------+------------+-----------+-------+
| CLB                                        |  808 |     0 |          0 |      8820 |  9.16 |
|   CLBL                                     |  540 |     0 |            |           |       |
|   CLBM                                     |  268 |     0 |            |           |       |
| LUT as Logic                               | 3223 |     0 |          0 |     70560 |  4.57 |
|   using O5 output only                     |  205 |       |            |           |       |
|   using O6 output only                     | 1982 |       |            |           |       |
|   using O5 and O6                          | 1036 |       |            |           |       |
| LUT as Memory                              |  928 |     0 |          0 |     28800 |  3.22 |
|   LUT as Distributed RAM                   |  506 |     0 |            |           |       |
|     using O5 output only                   |    0 |       |            |           |       |
|     using O6 output only                   |    2 |       |            |           |       |
|     using O5 and O6                        |  504 |       |            |           |       |
|   LUT as Shift Register                    |  422 |     0 |            |           |       |
|     using O5 output only                   |    0 |       |            |           |       |
|     using O6 output only                   |  422 |       |            |           |       |
|     using O5 and O6                        |    0 |       |            |           |       |
| CLB Registers                              | 5209 |     0 |          0 |    141120 |  3.69 |
|   Register driven from within the CLB      | 3399 |       |            |           |       |
|   Register driven from outside the CLB     | 1810 |       |            |           |       |
|     LUT in front of the register is unused | 1135 |       |            |           |       |
|     LUT in front of the register is used   |  675 |       |            |           |       |
| Unique Control Sets                        |  342 |       |          0 |     17640 |  1.94 |
+--------------------------------------------+------+-------+------------+-----------+-------+
* * Note: Available Control Sets calculated as Slices * 2, Review the Control Sets Report for more information regarding control sets.


3. BLOCKRAM
-----------

+----------------+------+-------+------------+-----------+-------+
|    Site Type   | Used | Fixed | Prohibited | Available | Util% |
+----------------+------+-------+------------+-----------+-------+
| Block RAM Tile |    0 |     0 |          0 |       216 |  0.00 |
|   RAMB36/FIFO* |    0 |     0 |          0 |       216 |  0.00 |
|   RAMB18       |    0 |     0 |          0 |       432 |  0.00 |
+----------------+------+-------+------------+-----------+-------+
* Note: Each Block RAM Tile only has one FIFO logic available and therefore can accommodate only one FIFO36E2 or one FIFO18E2. However, if a FIFO18E2 occupies a Block RAM Tile, that tile can still accommodate a RAMB18E2


4. ARITHMETIC
-------------

+-----------+------+-------+------------+-----------+-------+
| Site Type | Used | Fixed | Prohibited | Available | Util% |
+-----------+------+-------+------------+-----------+-------+
| DSPs      |    0 |     0 |          0 |       360 |  0.00 |
+-----------+------+-------+------------+-----------+-------+


5. I/O
------

+------------------+------+-------+------------+-----------+-------+
|     Site Type    | Used | Fixed | Prohibited | Available | Util% |
+------------------+------+-------+------------+-----------+-------+
| Bonded IOB       |    2 |     2 |          0 |        81 |  2.47 |
| HPIOB_M          |    0 |     0 |          0 |        26 |  0.00 |
| HPIOB_S          |    0 |     0 |          0 |        26 |  0.00 |
| HDIOB_M          |    1 |     1 |          0 |        12 |  8.33 |
|   INPUT          |    0 |       |            |           |       |
|   OUTPUT         |    0 |       |            |           |       |
|   BIDIR          |    1 |       |            |           |       |
| HDIOB_S          |    1 |     1 |          0 |        11 |  9.09 |
|   INPUT          |    0 |       |            |           |       |
|   OUTPUT         |    0 |       |            |           |       |
|   BIDIR          |    1 |       |            |           |       |
| HPIOB_SNGL       |    0 |     0 |          0 |         6 |  0.00 |
| HPIOBDIFFINBUF   |    0 |     0 |          0 |        72 |  0.00 |
| HPIOBDIFFOUTBUF  |    0 |     0 |          0 |        72 |  0.00 |
| HDIOBDIFFINBUF   |    0 |     0 |          0 |        48 |  0.00 |
| BITSLICE_CONTROL |    0 |     0 |          0 |        24 |  0.00 |
| BITSLICE_RX_TX   |    0 |     0 |          0 |       936 |  0.00 |
| BITSLICE_TX      |    0 |     0 |          0 |        24 |  0.00 |
| RIU_OR           |    0 |     0 |          0 |        12 |  0.00 |
+------------------+------+-------+------------+-----------+-------+


6. CLOCK
--------

+------------+------+-------+------------+-----------+-------+
|  Site Type | Used | Fixed | Prohibited | Available | Util% |
+------------+------+-------+------------+-----------+-------+
| BUFGCE     |    0 |     0 |          0 |        88 |  0.00 |
| BUFGCE_DIV |    0 |     0 |          0 |        12 |  0.00 |
| BUFG_PS    |    1 |     0 |          0 |        72 |  1.39 |
| BUFGCTRL*  |    0 |     0 |          0 |        24 |  0.00 |
| PLL        |    0 |     0 |          0 |         6 |  0.00 |
| MMCM       |    0 |     0 |          0 |         3 |  0.00 |
+------------+------+-------+------------+-----------+-------+
* Note: Each used BUFGCTRL counts as two GLOBAL CLOCK BUFFERs. This table does not include global clocking resources, only buffer cell usage. See the Clock Utilization Report (report_clock_utilization) for detailed accounting of global clocking resource availability.


7. ADVANCED
-----------

+-----------+------+-------+------------+-----------+--------+
| Site Type | Used | Fixed | Prohibited | Available |  Util% |
+-----------+------+-------+------------+-----------+--------+
| PS8       |    1 |     0 |          0 |         1 | 100.00 |
| SYSMONE4  |    0 |     0 |          0 |         1 |   0.00 |
+-----------+------+-------+------------+-----------+--------+


8. CONFIGURATION
----------------

+-------------+------+-------+------------+-----------+-------+
|  Site Type  | Used | Fixed | Prohibited | Available | Util% |
+-------------+------+-------+------------+-----------+-------+
| BSCANE2     |    0 |     0 |          0 |         4 |  0.00 |
| DNA_PORTE2  |    0 |     0 |          0 |         1 |  0.00 |
| EFUSE_USR   |    0 |     0 |          0 |         1 |  0.00 |
| FRAME_ECCE4 |    0 |     0 |          0 |         1 |  0.00 |
| ICAPE3      |    0 |     0 |          0 |         2 |  0.00 |
| MASTER_JTAG |    0 |     0 |          0 |         1 |  0.00 |
| STARTUPE3   |    0 |     0 |          0 |         1 |  0.00 |
+-------------+------+-------+------------+-----------+-------+


9. Primitives
-------------

+----------+------+---------------------+
| Ref Name | Used | Functional Category |
+----------+------+---------------------+
| FDRE     | 4851 |            Register |
| LUT3     | 1097 |                 CLB |
| LUT6     | 1066 |                 CLB |
| RAMD32   |  884 |                 CLB |
| LUT4     |  829 |                 CLB |
| LUT5     |  807 |                 CLB |
| LUT2     |  319 |                 CLB |
| FDSE     |  313 |            Register |
| SRLC32E  |  275 |                 CLB |
| SRL16E   |  147 |                 CLB |
| LUT1     |  141 |                 CLB |
| RAMS32   |  126 |                 CLB |
| FDCE     |   45 |            Register |
| MUXF7    |    8 |                 CLB |
| CARRY8   |    6 |                 CLB |
| MUXF8    |    4 |                 CLB |
| OBUFT    |    2 |                 I/O |
| INBUF    |    2 |                 I/O |
| IBUFCTRL |    2 |              Others |
| PS8      |    1 |            Advanced |
| BUFG_PS  |    1 |               Clock |
+----------+------+---------------------+


10. Black Boxes
---------------

+----------+------+
| Ref Name | Used |
+----------+------+


11. Instantiated Netlists
-------------------------

+-------------------------------------------+------+
|                  Ref Name                 | Used |
+-------------------------------------------+------+
| EEG_Signal_Processing_zynq_ultra_ps_e_0_0 |    1 |
| EEG_Signal_Processing_smartconnect_0_0    |    1 |
| EEG_Signal_Processing_proc_sys_reset_0_0  |    1 |
| EEG_Signal_Processing_axi_iic_0_0         |    1 |
+-------------------------------------------+------+


